0 info it worked if it ends with ok
1 verbose cli [ '/usr/local/bin/node',
1 verbose cli   '/usr/local/bin/npm',
1 verbose cli   'install',
1 verbose cli   'jsbarcode' ]
2 info using npm@3.8.3
3 info using node@v4.2.6
4 silly loadCurrentTree Starting
5 silly install loadCurrentTree
6 silly install readLocalPackageData
7 silly fetchPackageMetaData jsbarcode
8 silly fetchNamedPackageData jsbarcode
9 silly mapToRegistry name jsbarcode
10 silly mapToRegistry using default registry
11 silly mapToRegistry registry https://registry.npmjs.org/
12 silly mapToRegistry data Result {
12 silly mapToRegistry   raw: 'jsbarcode',
12 silly mapToRegistry   scope: null,
12 silly mapToRegistry   name: 'jsbarcode',
12 silly mapToRegistry   rawSpec: '',
12 silly mapToRegistry   spec: 'latest',
12 silly mapToRegistry   type: 'tag' }
13 silly mapToRegistry uri https://registry.npmjs.org/jsbarcode
14 verbose request uri https://registry.npmjs.org/jsbarcode
15 verbose request no auth needed
16 info attempt registry request try #1 at 8:01:42 PM
17 verbose request id aa8666f642c694d8
18 verbose etag "E15BN0SW0PSJ8DVLMX2I1AN7R"
19 http request GET https://registry.npmjs.org/jsbarcode
20 http 304 https://registry.npmjs.org/jsbarcode
21 verbose headers { date: 'Wed, 13 Apr 2016 10:01:43 GMT',
21 verbose headers   via: '1.1 varnish',
21 verbose headers   'cache-control': 'max-age=300',
21 verbose headers   etag: '"E15BN0SW0PSJ8DVLMX2I1AN7R"',
21 verbose headers   age: '0',
21 verbose headers   connection: 'keep-alive',
21 verbose headers   'x-served-by': 'cache-sjc3126-SJC',
21 verbose headers   'x-cache': 'MISS',
21 verbose headers   'x-cache-hits': '0',
21 verbose headers   'x-timer': 'S1460541703.848217,VS0,VE43',
21 verbose headers   vary: 'Accept-Encoding' }
22 silly get cb [ 304,
22 silly get   { date: 'Wed, 13 Apr 2016 10:01:43 GMT',
22 silly get     via: '1.1 varnish',
22 silly get     'cache-control': 'max-age=300',
22 silly get     etag: '"E15BN0SW0PSJ8DVLMX2I1AN7R"',
22 silly get     age: '0',
22 silly get     connection: 'keep-alive',
22 silly get     'x-served-by': 'cache-sjc3126-SJC',
22 silly get     'x-cache': 'MISS',
22 silly get     'x-cache-hits': '0',
22 silly get     'x-timer': 'S1460541703.848217,VS0,VE43',
22 silly get     vary: 'Accept-Encoding' } ]
23 verbose etag https://registry.npmjs.org/jsbarcode from cache
24 verbose get saving jsbarcode to /Users/vincetripodi/.npm/registry.npmjs.org/jsbarcode/.cache.json
25 verbose correctMkdir /Users/vincetripodi/.npm correctMkdir not in flight; initializing
26 silly install normalizeTree
27 silly loadCurrentTree Finishing
28 silly loadIdealTree Starting
29 silly install loadIdealTree
30 silly cloneCurrentTree Starting
31 silly install cloneCurrentTreeToIdealTree
32 silly cloneCurrentTree Finishing
33 silly loadShrinkwrap Starting
34 silly install loadShrinkwrap
35 silly loadShrinkwrap Finishing
36 silly loadAllDepsIntoIdealTree Starting
37 silly install loadAllDepsIntoIdealTree
38 silly resolveWithNewModule jsbarcode@2.5.1 checking installable status
39 silly cache add args [ 'jsbarcode', null ]
40 verbose cache add spec jsbarcode
41 silly cache add parsed spec Result {
41 silly cache add   raw: 'jsbarcode',
41 silly cache add   scope: null,
41 silly cache add   name: 'jsbarcode',
41 silly cache add   rawSpec: '',
41 silly cache add   spec: 'latest',
41 silly cache add   type: 'tag' }
42 silly addNamed jsbarcode@latest
43 verbose addNamed "latest" is being treated as a dist-tag for jsbarcode
44 info addNameTag [ 'jsbarcode', 'latest' ]
45 silly mapToRegistry name jsbarcode
46 silly mapToRegistry using default registry
47 silly mapToRegistry registry https://registry.npmjs.org/
48 silly mapToRegistry data Result {
48 silly mapToRegistry   raw: 'jsbarcode',
48 silly mapToRegistry   scope: null,
48 silly mapToRegistry   name: 'jsbarcode',
48 silly mapToRegistry   rawSpec: '',
48 silly mapToRegistry   spec: 'latest',
48 silly mapToRegistry   type: 'tag' }
49 silly mapToRegistry uri https://registry.npmjs.org/jsbarcode
50 verbose addNameTag registry:https://registry.npmjs.org/jsbarcode not in flight; fetching
51 verbose get https://registry.npmjs.org/jsbarcode not expired, no request
52 silly addNameTag next cb for jsbarcode with tag latest
53 silly addNamed jsbarcode@2.5.1
54 verbose addNamed "2.5.1" is a plain semver version for jsbarcode
55 silly cache afterAdd jsbarcode@2.5.1
56 verbose afterAdd /Users/vincetripodi/.npm/jsbarcode/2.5.1/package/package.json not in flight; writing
57 verbose correctMkdir /Users/vincetripodi/.npm correctMkdir not in flight; initializing
58 verbose afterAdd /Users/vincetripodi/.npm/jsbarcode/2.5.1/package/package.json written
59 silly fetchNamedPackageData canvas
60 silly mapToRegistry name canvas
61 silly mapToRegistry using default registry
62 silly mapToRegistry registry https://registry.npmjs.org/
63 silly mapToRegistry data Result {
63 silly mapToRegistry   raw: 'canvas',
63 silly mapToRegistry   scope: null,
63 silly mapToRegistry   name: 'canvas',
63 silly mapToRegistry   rawSpec: '',
63 silly mapToRegistry   spec: 'latest',
63 silly mapToRegistry   type: 'tag' }
64 silly mapToRegistry uri https://registry.npmjs.org/canvas
65 silly fetchNamedPackageData commander
66 silly mapToRegistry name commander
67 silly mapToRegistry using default registry
68 silly mapToRegistry registry https://registry.npmjs.org/
69 silly mapToRegistry data Result {
69 silly mapToRegistry   raw: 'commander',
69 silly mapToRegistry   scope: null,
69 silly mapToRegistry   name: 'commander',
69 silly mapToRegistry   rawSpec: '',
69 silly mapToRegistry   spec: 'latest',
69 silly mapToRegistry   type: 'tag' }
70 silly mapToRegistry uri https://registry.npmjs.org/commander
71 verbose request uri https://registry.npmjs.org/commander
72 verbose request no auth needed
73 info attempt registry request try #1 at 8:01:44 PM
74 verbose etag "ETRN1OK6YX7CEZ2TW0IONAGDK"
75 http request GET https://registry.npmjs.org/commander
76 verbose request uri https://registry.npmjs.org/canvas
77 verbose request no auth needed
78 info attempt registry request try #1 at 8:01:44 PM
79 verbose etag "BLNRMR0FBR8NN0NPYCTA9KINO"
80 http request GET https://registry.npmjs.org/canvas
81 http 304 https://registry.npmjs.org/commander
82 verbose headers { date: 'Wed, 13 Apr 2016 10:01:44 GMT',
82 verbose headers   via: '1.1 varnish',
82 verbose headers   'cache-control': 'max-age=300',
82 verbose headers   etag: '"ETRN1OK6YX7CEZ2TW0IONAGDK"',
82 verbose headers   age: '288',
82 verbose headers   connection: 'keep-alive',
82 verbose headers   'x-served-by': 'cache-sjc3130-SJC',
82 verbose headers   'x-cache': 'HIT',
82 verbose headers   'x-cache-hits': '14',
82 verbose headers   'x-timer': 'S1460541704.789677,VS0,VE0',
82 verbose headers   vary: 'Accept-Encoding' }
83 silly get cb [ 304,
83 silly get   { date: 'Wed, 13 Apr 2016 10:01:44 GMT',
83 silly get     via: '1.1 varnish',
83 silly get     'cache-control': 'max-age=300',
83 silly get     etag: '"ETRN1OK6YX7CEZ2TW0IONAGDK"',
83 silly get     age: '288',
83 silly get     connection: 'keep-alive',
83 silly get     'x-served-by': 'cache-sjc3130-SJC',
83 silly get     'x-cache': 'HIT',
83 silly get     'x-cache-hits': '14',
83 silly get     'x-timer': 'S1460541704.789677,VS0,VE0',
83 silly get     vary: 'Accept-Encoding' } ]
84 verbose etag https://registry.npmjs.org/commander from cache
85 verbose get saving commander to /Users/vincetripodi/.npm/registry.npmjs.org/commander/.cache.json
86 verbose correctMkdir /Users/vincetripodi/.npm correctMkdir not in flight; initializing
87 http 304 https://registry.npmjs.org/canvas
88 verbose headers { date: 'Wed, 13 Apr 2016 10:01:44 GMT',
88 verbose headers   via: '1.1 varnish',
88 verbose headers   'cache-control': 'max-age=300',
88 verbose headers   etag: '"BLNRMR0FBR8NN0NPYCTA9KINO"',
88 verbose headers   age: '183',
88 verbose headers   connection: 'keep-alive',
88 verbose headers   'x-served-by': 'cache-sjc3126-SJC',
88 verbose headers   'x-cache': 'HIT',
88 verbose headers   'x-cache-hits': '1',
88 verbose headers   'x-timer': 'S1460541704.790038,VS0,VE0',
88 verbose headers   vary: 'Accept-Encoding' }
89 silly get cb [ 304,
89 silly get   { date: 'Wed, 13 Apr 2016 10:01:44 GMT',
89 silly get     via: '1.1 varnish',
89 silly get     'cache-control': 'max-age=300',
89 silly get     etag: '"BLNRMR0FBR8NN0NPYCTA9KINO"',
89 silly get     age: '183',
89 silly get     connection: 'keep-alive',
89 silly get     'x-served-by': 'cache-sjc3126-SJC',
89 silly get     'x-cache': 'HIT',
89 silly get     'x-cache-hits': '1',
89 silly get     'x-timer': 'S1460541704.790038,VS0,VE0',
89 silly get     vary: 'Accept-Encoding' } ]
90 verbose etag https://registry.npmjs.org/canvas from cache
91 verbose get saving canvas to /Users/vincetripodi/.npm/registry.npmjs.org/canvas/.cache.json
92 verbose correctMkdir /Users/vincetripodi/.npm correctMkdir not in flight; initializing
93 silly resolveWithNewModule canvas@1.3.12 checking installable status
94 silly cache add args [ 'canvas@>=1.0.0', null ]
95 verbose cache add spec canvas@>=1.0.0
96 silly cache add parsed spec Result {
96 silly cache add   raw: 'canvas@>=1.0.0',
96 silly cache add   scope: null,
96 silly cache add   name: 'canvas',
96 silly cache add   rawSpec: '>=1.0.0',
96 silly cache add   spec: '>=1.0.0',
96 silly cache add   type: 'range' }
97 silly addNamed canvas@>=1.0.0
98 verbose addNamed ">=1.0.0" is a valid semver range for canvas
99 silly addNameRange { name: 'canvas', range: '>=1.0.0', hasData: false }
100 silly mapToRegistry name canvas
101 silly mapToRegistry using default registry
102 silly mapToRegistry registry https://registry.npmjs.org/
103 silly mapToRegistry data Result {
103 silly mapToRegistry   raw: 'canvas',
103 silly mapToRegistry   scope: null,
103 silly mapToRegistry   name: 'canvas',
103 silly mapToRegistry   rawSpec: '',
103 silly mapToRegistry   spec: 'latest',
103 silly mapToRegistry   type: 'tag' }
104 silly mapToRegistry uri https://registry.npmjs.org/canvas
105 verbose addNameRange registry:https://registry.npmjs.org/canvas not in flight; fetching
106 silly resolveWithNewModule commander@2.9.0 checking installable status
107 silly cache add args [ 'commander@>=2.8.0', null ]
108 verbose cache add spec commander@>=2.8.0
109 silly cache add parsed spec Result {
109 silly cache add   raw: 'commander@>=2.8.0',
109 silly cache add   scope: null,
109 silly cache add   name: 'commander',
109 silly cache add   rawSpec: '>=2.8.0',
109 silly cache add   spec: '>=2.8.0',
109 silly cache add   type: 'range' }
110 silly addNamed commander@>=2.8.0
111 verbose addNamed ">=2.8.0" is a valid semver range for commander
112 silly addNameRange { name: 'commander', range: '>=2.8.0', hasData: false }
113 silly mapToRegistry name commander
114 silly mapToRegistry using default registry
115 silly mapToRegistry registry https://registry.npmjs.org/
116 silly mapToRegistry data Result {
116 silly mapToRegistry   raw: 'commander',
116 silly mapToRegistry   scope: null,
116 silly mapToRegistry   name: 'commander',
116 silly mapToRegistry   rawSpec: '',
116 silly mapToRegistry   spec: 'latest',
116 silly mapToRegistry   type: 'tag' }
117 silly mapToRegistry uri https://registry.npmjs.org/commander
118 verbose addNameRange registry:https://registry.npmjs.org/commander not in flight; fetching
119 verbose get https://registry.npmjs.org/canvas not expired, no request
120 silly addNameRange number 2 { name: 'canvas', range: '>=1.0.0', hasData: true }
121 silly addNameRange versions [ 'canvas',
121 silly addNameRange   [ '0.0.1',
121 silly addNameRange     '0.0.2',
121 silly addNameRange     '0.0.3',
121 silly addNameRange     '0.0.4',
121 silly addNameRange     '0.0.5',
121 silly addNameRange     '0.0.6',
121 silly addNameRange     '0.0.7',
121 silly addNameRange     '0.0.8',
121 silly addNameRange     '0.1.0',
121 silly addNameRange     '0.2.0',
121 silly addNameRange     '0.2.1',
121 silly addNameRange     '0.3.0',
121 silly addNameRange     '0.3.1',
121 silly addNameRange     '0.3.2',
121 silly addNameRange     '0.3.3',
121 silly addNameRange     '0.4.0',
121 silly addNameRange     '0.4.1',
121 silly addNameRange     '0.4.2',
121 silly addNameRange     '0.4.3',
121 silly addNameRange     '0.5.0',
121 silly addNameRange     '0.5.1',
121 silly addNameRange     '0.5.2',
121 silly addNameRange     '0.5.3',
121 silly addNameRange     '0.5.4',
121 silly addNameRange     '0.6.0',
121 silly addNameRange     '0.7.0',
121 silly addNameRange     '0.7.1',
121 silly addNameRange     '0.7.2',
121 silly addNameRange     '0.7.3',
121 silly addNameRange     '0.8.0',
121 silly addNameRange     '0.8.1',
121 silly addNameRange     '0.8.2',
121 silly addNameRange     '0.8.3',
121 silly addNameRange     '0.9.0',
121 silly addNameRange     '0.10.0',
121 silly addNameRange     '0.10.1',
121 silly addNameRange     '0.10.2',
121 silly addNameRange     '0.10.3',
121 silly addNameRange     '0.11.0',
121 silly addNameRange     '0.11.1',
121 silly addNameRange     '0.11.2',
121 silly addNameRange     '0.11.3',
121 silly addNameRange     '0.12.0',
121 silly addNameRange     '0.12.1',
121 silly addNameRange     '0.13.0',
121 silly addNameRange     '0.13.1',
121 silly addNameRange     '1.0.0',
121 silly addNameRange     '1.0.1',
121 silly addNameRange     '1.0.2',
121 silly addNameRange     '1.0.3',
121 silly addNameRange     '1.0.4',
121 silly addNameRange     '1.1.0',
121 silly addNameRange     '1.1.1',
121 silly addNameRange     '1.1.2',
121 silly addNameRange     '1.1.3',
121 silly addNameRange     '1.1.4',
121 silly addNameRange     '1.1.5',
121 silly addNameRange     '1.1.6',
121 silly addNameRange     '1.2.0',
121 silly addNameRange     '1.2.1',
121 silly addNameRange     '1.2.2',
121 silly addNameRange     '1.2.3',
121 silly addNameRange     '1.2.4',
121 silly addNameRange     '1.2.5',
121 silly addNameRange     '1.2.6',
121 silly addNameRange     '1.2.7',
121 silly addNameRange     '1.2.8',
121 silly addNameRange     '1.2.9',
121 silly addNameRange     '1.2.10',
121 silly addNameRange     '1.2.11',
121 silly addNameRange     '1.3.0',
121 silly addNameRange     '1.3.1',
121 silly addNameRange     '1.3.2',
121 silly addNameRange     '1.3.3',
121 silly addNameRange     '1.3.4',
121 silly addNameRange     '1.3.5',
121 silly addNameRange     '1.3.6',
121 silly addNameRange     '1.3.7',
121 silly addNameRange     '1.3.8',
121 silly addNameRange     '1.3.9',
121 silly addNameRange     '1.3.10',
121 silly addNameRange     '1.3.11',
121 silly addNameRange     '1.3.12' ] ]
122 silly addNamed canvas@1.3.12
123 verbose addNamed "1.3.12" is a plain semver version for canvas
124 verbose get https://registry.npmjs.org/commander not expired, no request
125 silly addNameRange number 2 { name: 'commander', range: '>=2.8.0', hasData: true }
126 silly addNameRange versions [ 'commander',
126 silly addNameRange   [ '0.0.1',
126 silly addNameRange     '0.0.3',
126 silly addNameRange     '0.0.4',
126 silly addNameRange     '0.0.5',
126 silly addNameRange     '0.1.0',
126 silly addNameRange     '0.2.0',
126 silly addNameRange     '0.2.1',
126 silly addNameRange     '0.3.0',
126 silly addNameRange     '0.3.1',
126 silly addNameRange     '0.3.2',
126 silly addNameRange     '0.3.3',
126 silly addNameRange     '0.4.0',
126 silly addNameRange     '0.4.1',
126 silly addNameRange     '0.4.2',
126 silly addNameRange     '0.4.3',
126 silly addNameRange     '0.5.0',
126 silly addNameRange     '0.5.1',
126 silly addNameRange     '0.6.0',
126 silly addNameRange     '0.6.1',
126 silly addNameRange     '0.5.2',
126 silly addNameRange     '1.0.0',
126 silly addNameRange     '1.0.1',
126 silly addNameRange     '1.0.2',
126 silly addNameRange     '1.0.3',
126 silly addNameRange     '1.0.4',
126 silly addNameRange     '1.0.5',
126 silly addNameRange     '1.1.0',
126 silly addNameRange     '1.1.1',
126 silly addNameRange     '1.2.0',
126 silly addNameRange     '1.3.0',
126 silly addNameRange     '1.3.1',
126 silly addNameRange     '1.3.2',
126 silly addNameRange     '2.0.0',
126 silly addNameRange     '2.1.0',
126 silly addNameRange     '2.2.0',
126 silly addNameRange     '2.3.0',
126 silly addNameRange     '2.4.0',
126 silly addNameRange     '2.5.0',
126 silly addNameRange     '2.5.1',
126 silly addNameRange     '2.6.0',
126 silly addNameRange     '2.7.0',
126 silly addNameRange     '2.7.1',
126 silly addNameRange     '2.8.0',
126 silly addNameRange     '2.8.1',
126 silly addNameRange     '2.9.0' ] ]
127 silly addNamed commander@2.9.0
128 verbose addNamed "2.9.0" is a plain semver version for commander
129 silly cache afterAdd canvas@1.3.12
130 verbose afterAdd /Users/vincetripodi/.npm/canvas/1.3.12/package/package.json not in flight; writing
131 verbose correctMkdir /Users/vincetripodi/.npm correctMkdir not in flight; initializing
132 silly cache afterAdd commander@2.9.0
133 verbose afterAdd /Users/vincetripodi/.npm/commander/2.9.0/package/package.json not in flight; writing
134 verbose correctMkdir /Users/vincetripodi/.npm correctMkdir not in flight; initializing
135 verbose afterAdd /Users/vincetripodi/.npm/commander/2.9.0/package/package.json written
136 verbose afterAdd /Users/vincetripodi/.npm/canvas/1.3.12/package/package.json written
137 silly loadAllDepsIntoIdealTree Finishing
138 silly idealTree:prePrune hpe-demo@1.1.1
138 silly idealTree:prePrune ├── abbrev@1.0.7
138 silly idealTree:prePrune ├── amdefine@1.0.0
138 silly idealTree:prePrune ├── ansi-regex@2.0.0
138 silly idealTree:prePrune ├── ansi-styles@2.2.1
138 silly idealTree:prePrune ├── ansi@0.3.1
138 silly idealTree:prePrune ├── archy@1.0.0
138 silly idealTree:prePrune ├── are-we-there-yet@1.1.2
138 silly idealTree:prePrune ├── array-differ@1.0.0
138 silly idealTree:prePrune ├── array-find-index@1.0.1
138 silly idealTree:prePrune ├── array-index@1.0.0
138 silly idealTree:prePrune ├── array-uniq@1.0.2
138 silly idealTree:prePrune ├── asn1@0.2.3
138 silly idealTree:prePrune ├── assert-plus@0.2.0
138 silly idealTree:prePrune ├── async-foreach@0.1.3
138 silly idealTree:prePrune ├── async@1.5.2
138 silly idealTree:prePrune ├── aws-sign2@0.6.0
138 silly idealTree:prePrune ├─┬ aws4@1.3.2
138 silly idealTree:prePrune │ └── lru-cache@4.0.1
138 silly idealTree:prePrune ├── balanced-match@0.3.0
138 silly idealTree:prePrune ├── beeper@1.1.0
138 silly idealTree:prePrune ├─┬ bl@1.1.2
138 silly idealTree:prePrune │ ├── isarray@1.0.0
138 silly idealTree:prePrune │ └── readable-stream@2.0.6
138 silly idealTree:prePrune ├── block-stream@0.0.8
138 silly idealTree:prePrune ├── boom@2.10.1
138 silly idealTree:prePrune ├── bower@1.7.9
138 silly idealTree:prePrune ├── brace-expansion@1.1.3
138 silly idealTree:prePrune ├── bufferstreams@0.0.2
138 silly idealTree:prePrune ├── builtin-modules@1.1.1
138 silly idealTree:prePrune ├── camelcase-keys@2.1.0
138 silly idealTree:prePrune ├── camelcase@2.1.1
138 silly idealTree:prePrune ├── canvas@1.3.12
138 silly idealTree:prePrune ├── caseless@0.11.0
138 silly idealTree:prePrune ├── chalk@1.1.3
138 silly idealTree:prePrune ├─┬ clean-css@3.0.10
138 silly idealTree:prePrune │ └── source-map@0.1.43
138 silly idealTree:prePrune ├── cliui@3.2.0
138 silly idealTree:prePrune ├── clone-stats@0.0.1
138 silly idealTree:prePrune ├── clone@1.0.2
138 silly idealTree:prePrune ├── code-point-at@1.0.0
138 silly idealTree:prePrune ├── combined-stream@1.0.5
138 silly idealTree:prePrune ├── commander@2.5.1
138 silly idealTree:prePrune ├── concat-map@0.0.1
138 silly idealTree:prePrune ├─┬ concat-stream@1.5.1
138 silly idealTree:prePrune │ ├── isarray@1.0.0
138 silly idealTree:prePrune │ └── readable-stream@2.0.6
138 silly idealTree:prePrune ├── concat-with-sourcemaps@1.0.4
138 silly idealTree:prePrune ├── config-chain@1.1.10
138 silly idealTree:prePrune ├── core-util-is@1.0.2
138 silly idealTree:prePrune ├─┬ cross-spawn-async@2.2.1
138 silly idealTree:prePrune │ └── lru-cache@4.0.1
138 silly idealTree:prePrune ├── cross-spawn@2.2.2
138 silly idealTree:prePrune ├── cryptiles@2.0.5
138 silly idealTree:prePrune ├── d@0.1.1
138 silly idealTree:prePrune ├─┬ dashdash@1.13.0
138 silly idealTree:prePrune │ └── assert-plus@1.0.0
138 silly idealTree:prePrune ├── dateformat@1.0.12
138 silly idealTree:prePrune ├── debug@2.2.0
138 silly idealTree:prePrune ├── decamelize@1.2.0
138 silly idealTree:prePrune ├── defaults@1.0.3
138 silly idealTree:prePrune ├── delayed-stream@1.0.0
138 silly idealTree:prePrune ├── delegates@1.0.0
138 silly idealTree:prePrune ├── deprecated@0.0.1
138 silly idealTree:prePrune ├── duplexer2@0.0.2
138 silly idealTree:prePrune ├── ecc-jsbn@0.1.1
138 silly idealTree:prePrune ├── end-of-stream@0.1.5
138 silly idealTree:prePrune ├── error-ex@1.3.0
138 silly idealTree:prePrune ├── es5-ext@0.10.11
138 silly idealTree:prePrune ├── es6-iterator@2.0.0
138 silly idealTree:prePrune ├── es6-symbol@3.0.2
138 silly idealTree:prePrune ├── escape-string-regexp@1.0.5
138 silly idealTree:prePrune ├── extend@2.0.1
138 silly idealTree:prePrune ├── extsprintf@1.0.2
138 silly idealTree:prePrune ├── fancy-log@1.2.0
138 silly idealTree:prePrune ├── find-index@0.1.1
138 silly idealTree:prePrune ├── find-up@1.1.2
138 silly idealTree:prePrune ├── findup-sync@0.3.0
138 silly idealTree:prePrune ├── first-chunk-stream@1.0.0
138 silly idealTree:prePrune ├── flagged-respawn@0.3.2
138 silly idealTree:prePrune ├── forever-agent@0.6.1
138 silly idealTree:prePrune ├── form-data@1.0.0-rc4
138 silly idealTree:prePrune ├── fstream@1.0.8
138 silly idealTree:prePrune ├── gauge@1.2.7
138 silly idealTree:prePrune ├── gaze@0.5.2
138 silly idealTree:prePrune ├── generate-function@2.0.0
138 silly idealTree:prePrune ├── generate-object-property@1.2.0
138 silly idealTree:prePrune ├── get-stdin@4.0.1
138 silly idealTree:prePrune ├─┬ glob-stream@3.1.18
138 silly idealTree:prePrune │ ├── glob@4.5.3
138 silly idealTree:prePrune │ ├── minimatch@2.0.10
138 silly idealTree:prePrune │ ├── readable-stream@1.0.33
138 silly idealTree:prePrune │ └── through2@0.6.5
138 silly idealTree:prePrune ├── glob-watcher@0.0.6
138 silly idealTree:prePrune ├── glob@5.0.15
138 silly idealTree:prePrune ├── glob2base@0.0.12
138 silly idealTree:prePrune ├─┬ globule@0.1.0
138 silly idealTree:prePrune │ ├── glob@3.1.21
138 silly idealTree:prePrune │ ├── graceful-fs@1.2.3
138 silly idealTree:prePrune │ ├── inherits@1.0.2
138 silly idealTree:prePrune │ └── minimatch@0.2.14
138 silly idealTree:prePrune ├── glogg@1.0.0
138 silly idealTree:prePrune ├── graceful-fs@4.1.3
138 silly idealTree:prePrune ├── graceful-readlink@1.0.1
138 silly idealTree:prePrune ├─┬ gulp-concat@2.6.0
138 silly idealTree:prePrune │ ├─┬ gulp-util@3.0.7
138 silly idealTree:prePrune │ │ ├── isarray@1.0.0
138 silly idealTree:prePrune │ │ ├── readable-stream@2.0.6
138 silly idealTree:prePrune │ │ └── through2@2.0.1
138 silly idealTree:prePrune │ ├── lodash._reinterpolate@3.0.0
138 silly idealTree:prePrune │ ├── lodash.escape@3.2.0
138 silly idealTree:prePrune │ ├── lodash.keys@3.1.2
138 silly idealTree:prePrune │ ├── lodash.template@3.6.2
138 silly idealTree:prePrune │ ├── lodash.templatesettings@3.1.1
138 silly idealTree:prePrune │ ├── object-assign@3.0.0
138 silly idealTree:prePrune │ ├── readable-stream@1.0.33
138 silly idealTree:prePrune │ ├── through2@0.6.5
138 silly idealTree:prePrune │ └── vinyl@0.5.3
138 silly idealTree:prePrune ├── gulp-header@1.7.1
138 silly idealTree:prePrune ├─┬ gulp-minify-css@0.3.13
138 silly idealTree:prePrune │ ├─┬ gulp-util@3.0.7
138 silly idealTree:prePrune │ │ ├── isarray@1.0.0
138 silly idealTree:prePrune │ │ ├── readable-stream@2.0.6
138 silly idealTree:prePrune │ │ └── through2@2.0.1
138 silly idealTree:prePrune │ ├── lodash._reinterpolate@3.0.0
138 silly idealTree:prePrune │ ├── lodash.escape@3.2.0
138 silly idealTree:prePrune │ ├── lodash.keys@3.1.2
138 silly idealTree:prePrune │ ├── lodash.template@3.6.2
138 silly idealTree:prePrune │ ├── lodash.templatesettings@3.1.1
138 silly idealTree:prePrune │ ├── object-assign@3.0.0
138 silly idealTree:prePrune │ ├── readable-stream@1.0.33
138 silly idealTree:prePrune │ ├── through2@0.6.5
138 silly idealTree:prePrune │ └── vinyl@0.5.3
138 silly idealTree:prePrune ├── gulp-rename@1.2.2
138 silly idealTree:prePrune ├─┬ gulp-sass@2.2.0
138 silly idealTree:prePrune │ ├─┬ gulp-util@3.0.7
138 silly idealTree:prePrune │ │ └── object-assign@3.0.0
138 silly idealTree:prePrune │ ├── lodash._reinterpolate@3.0.0
138 silly idealTree:prePrune │ ├── lodash.escape@3.2.0
138 silly idealTree:prePrune │ ├── lodash.keys@3.1.2
138 silly idealTree:prePrune │ ├── lodash.template@3.6.2
138 silly idealTree:prePrune │ ├── lodash.templatesettings@3.1.1
138 silly idealTree:prePrune │ ├── object-assign@4.0.1
138 silly idealTree:prePrune │ ├── vinyl-sourcemaps-apply@0.2.1
138 silly idealTree:prePrune │ └── vinyl@0.5.3
138 silly idealTree:prePrune ├─┬ gulp-util@2.2.20
138 silly idealTree:prePrune │ ├── ansi-regex@0.2.1
138 silly idealTree:prePrune │ ├── ansi-styles@1.1.0
138 silly idealTree:prePrune │ ├── chalk@0.5.1
138 silly idealTree:prePrune │ ├── has-ansi@0.1.0
138 silly idealTree:prePrune │ ├── minimist@0.2.0
138 silly idealTree:prePrune │ ├── readable-stream@1.0.33
138 silly idealTree:prePrune │ ├── strip-ansi@0.3.0
138 silly idealTree:prePrune │ ├── supports-color@0.2.0
138 silly idealTree:prePrune │ ├── through2@0.5.1
138 silly idealTree:prePrune │ └── xtend@3.0.0
138 silly idealTree:prePrune ├─┬ gulp@3.9.1
138 silly idealTree:prePrune │ ├── gulp-util@3.0.7
138 silly idealTree:prePrune │ ├── lodash._reinterpolate@3.0.0
138 silly idealTree:prePrune │ ├── lodash.escape@3.2.0
138 silly idealTree:prePrune │ ├── lodash.keys@3.1.2
138 silly idealTree:prePrune │ ├── lodash.template@3.6.2
138 silly idealTree:prePrune │ ├── lodash.templatesettings@3.1.1
138 silly idealTree:prePrune │ ├── object-assign@3.0.0
138 silly idealTree:prePrune │ └── vinyl@0.5.3
138 silly idealTree:prePrune ├── gulplog@1.0.0
138 silly idealTree:prePrune ├─┬ har-validator@2.0.6
138 silly idealTree:prePrune │ └── commander@2.9.0
138 silly idealTree:prePrune ├── has-ansi@2.0.0
138 silly idealTree:prePrune ├── has-gulplog@0.1.0
138 silly idealTree:prePrune ├── has-unicode@2.0.0
138 silly idealTree:prePrune ├── hawk@3.1.3
138 silly idealTree:prePrune ├── hoek@2.16.3
138 silly idealTree:prePrune ├── hosted-git-info@2.1.4
138 silly idealTree:prePrune ├── http-signature@1.1.1
138 silly idealTree:prePrune ├── indent-string@2.1.0
138 silly idealTree:prePrune ├── inflight@1.0.4
138 silly idealTree:prePrune ├── inherits@2.0.1
138 silly idealTree:prePrune ├── ini@1.3.4
138 silly idealTree:prePrune ├── interpret@1.0.0
138 silly idealTree:prePrune ├── invert-kv@1.0.0
138 silly idealTree:prePrune ├── is-absolute@0.1.7
138 silly idealTree:prePrune ├── is-arrayish@0.2.1
138 silly idealTree:prePrune ├── is-builtin-module@1.0.0
138 silly idealTree:prePrune ├── is-finite@1.0.1
138 silly idealTree:prePrune ├── is-fullwidth-code-point@1.0.0
138 silly idealTree:prePrune ├── is-my-json-valid@2.13.1
138 silly idealTree:prePrune ├── is-property@1.0.2
138 silly idealTree:prePrune ├── is-relative@0.1.3
138 silly idealTree:prePrune ├── is-typedarray@1.0.0
138 silly idealTree:prePrune ├── is-utf8@0.2.1
138 silly idealTree:prePrune ├── isarray@0.0.1
138 silly idealTree:prePrune ├── isexe@1.1.2
138 silly idealTree:prePrune ├── isstream@0.1.2
138 silly idealTree:prePrune ├── jodid25519@1.0.2
138 silly idealTree:prePrune ├─┬ jsbarcode@2.5.1
138 silly idealTree:prePrune │ └── commander@2.9.0
138 silly idealTree:prePrune ├── jsbn@0.1.0
138 silly idealTree:prePrune ├── json-schema@0.2.2
138 silly idealTree:prePrune ├── json-stringify-safe@5.0.1
138 silly idealTree:prePrune ├── jsonpointer@2.0.0
138 silly idealTree:prePrune ├── jsprim@1.2.2
138 silly idealTree:prePrune ├── lcid@1.0.0
138 silly idealTree:prePrune ├── liftoff@2.2.1
138 silly idealTree:prePrune ├── load-json-file@1.1.0
138 silly idealTree:prePrune ├── lodash._basecopy@3.0.1
138 silly idealTree:prePrune ├── lodash._baseslice@4.0.0
138 silly idealTree:prePrune ├── lodash._basetostring@3.0.1
138 silly idealTree:prePrune ├── lodash._basevalues@3.0.0
138 silly idealTree:prePrune ├── lodash._escapehtmlchar@2.4.1
138 silly idealTree:prePrune ├── lodash._escapestringchar@2.4.1
138 silly idealTree:prePrune ├── lodash._getnative@3.9.1
138 silly idealTree:prePrune ├── lodash._htmlescapes@2.4.1
138 silly idealTree:prePrune ├── lodash._isiterateecall@3.0.9
138 silly idealTree:prePrune ├── lodash._isnative@2.4.1
138 silly idealTree:prePrune ├── lodash._objecttypes@2.4.1
138 silly idealTree:prePrune ├── lodash._reescape@3.0.0
138 silly idealTree:prePrune ├── lodash._reevaluate@3.0.0
138 silly idealTree:prePrune ├── lodash._reinterpolate@2.4.1
138 silly idealTree:prePrune ├── lodash._reunescapedhtml@2.4.1
138 silly idealTree:prePrune ├── lodash._root@3.0.1
138 silly idealTree:prePrune ├── lodash._shimkeys@2.4.1
138 silly idealTree:prePrune ├── lodash.defaults@2.4.1
138 silly idealTree:prePrune ├── lodash.escape@2.4.1
138 silly idealTree:prePrune ├── lodash.isarguments@3.0.8
138 silly idealTree:prePrune ├── lodash.isarray@3.0.4
138 silly idealTree:prePrune ├── lodash.isobject@2.4.1
138 silly idealTree:prePrune ├── lodash.keys@2.4.1
138 silly idealTree:prePrune ├── lodash.pad@4.3.0
138 silly idealTree:prePrune ├── lodash.padend@4.4.0
138 silly idealTree:prePrune ├── lodash.padstart@4.4.0
138 silly idealTree:prePrune ├── lodash.restparam@3.6.1
138 silly idealTree:prePrune ├── lodash.template@2.4.1
138 silly idealTree:prePrune ├── lodash.templatesettings@2.4.1
138 silly idealTree:prePrune ├── lodash.tostring@4.1.2
138 silly idealTree:prePrune ├── lodash.values@2.4.1
138 silly idealTree:prePrune ├── lodash@1.0.2
138 silly idealTree:prePrune ├── loud-rejection@1.3.0
138 silly idealTree:prePrune ├── lru-cache@2.7.3
138 silly idealTree:prePrune ├── map-obj@1.0.1
138 silly idealTree:prePrune ├── memory-cache@0.0.5
138 silly idealTree:prePrune ├─┬ meow@3.7.0
138 silly idealTree:prePrune │ └── object-assign@4.0.1
138 silly idealTree:prePrune ├── mime-db@1.22.0
138 silly idealTree:prePrune ├── mime-types@2.1.10
138 silly idealTree:prePrune ├── minimatch@3.0.0
138 silly idealTree:prePrune ├── minimist@1.2.0
138 silly idealTree:prePrune ├─┬ mkdirp@0.5.1
138 silly idealTree:prePrune │ └── minimist@0.0.8
138 silly idealTree:prePrune ├── ms@0.7.1
138 silly idealTree:prePrune ├── multipipe@0.1.2
138 silly idealTree:prePrune ├── nan@2.2.1
138 silly idealTree:prePrune ├─┬ node-gyp@3.3.1
138 silly idealTree:prePrune │ ├─┬ glob@4.5.3
138 silly idealTree:prePrune │ │ └── minimatch@2.0.10
138 silly idealTree:prePrune │ └── minimatch@1.0.0
138 silly idealTree:prePrune ├── node-sass@3.4.2
138 silly idealTree:prePrune ├── node-uuid@1.4.7
138 silly idealTree:prePrune ├── nopt@3.0.6
138 silly idealTree:prePrune ├── normalize-package-data@2.3.5
138 silly idealTree:prePrune ├── npmconf@2.1.2
138 silly idealTree:prePrune ├── npmlog@2.0.3
138 silly idealTree:prePrune ├── number-is-nan@1.0.0
138 silly idealTree:prePrune ├── oauth-sign@0.8.1
138 silly idealTree:prePrune ├── object-assign@4.0.1
138 silly idealTree:prePrune ├── once@1.3.3
138 silly idealTree:prePrune ├── orchestrator@0.3.7
138 silly idealTree:prePrune ├── ordered-read-streams@0.1.0
138 silly idealTree:prePrune ├── os-homedir@1.0.1
138 silly idealTree:prePrune ├── os-locale@1.4.0
138 silly idealTree:prePrune ├── os-shim@0.1.3
138 silly idealTree:prePrune ├── os-tmpdir@1.0.1
138 silly idealTree:prePrune ├── osenv@0.1.3
138 silly idealTree:prePrune ├── parse-json@2.2.0
138 silly idealTree:prePrune ├── path-array@1.0.1
138 silly idealTree:prePrune ├── path-exists@2.1.0
138 silly idealTree:prePrune ├── path-is-absolute@1.0.0
138 silly idealTree:prePrune ├── path-type@1.1.0
138 silly idealTree:prePrune ├── pify@2.3.0
138 silly idealTree:prePrune ├── pinkie-promise@2.0.1
138 silly idealTree:prePrune ├── pinkie@2.0.4
138 silly idealTree:prePrune ├── pretty-hrtime@1.0.2
138 silly idealTree:prePrune ├── process-nextick-args@1.0.6
138 silly idealTree:prePrune ├── proto-list@1.2.4
138 silly idealTree:prePrune ├── pseudomap@1.0.2
138 silly idealTree:prePrune ├── qs@6.1.0
138 silly idealTree:prePrune ├── read-pkg-up@1.0.1
138 silly idealTree:prePrune ├── read-pkg@1.1.0
138 silly idealTree:prePrune ├── readable-stream@1.1.13
138 silly idealTree:prePrune ├── rechoir@0.6.2
138 silly idealTree:prePrune ├── redent@1.0.0
138 silly idealTree:prePrune ├── repeating@2.0.1
138 silly idealTree:prePrune ├── replace-ext@0.0.1
138 silly idealTree:prePrune ├─┬ request@2.71.0
138 silly idealTree:prePrune │ └── extend@3.0.0
138 silly idealTree:prePrune ├── resolve@1.1.7
138 silly idealTree:prePrune ├─┬ rimraf@2.5.2
138 silly idealTree:prePrune │ └── glob@7.0.3
138 silly idealTree:prePrune ├─┬ sass-graph@2.1.1
138 silly idealTree:prePrune │ ├── glob@6.0.4
138 silly idealTree:prePrune │ └── lodash@4.10.0
138 silly idealTree:prePrune ├── semver@4.3.6
138 silly idealTree:prePrune ├── sequencify@0.0.7
138 silly idealTree:prePrune ├── shelljs@0.3.0
138 silly idealTree:prePrune ├── sigmund@1.0.1
138 silly idealTree:prePrune ├── signal-exit@2.1.2
138 silly idealTree:prePrune ├── sntp@1.0.9
138 silly idealTree:prePrune ├── source-map@0.5.3
138 silly idealTree:prePrune ├── sparkles@1.0.0
138 silly idealTree:prePrune ├── spawn-sync@1.0.15
138 silly idealTree:prePrune ├── spdx-correct@1.0.2
138 silly idealTree:prePrune ├── spdx-exceptions@1.0.4
138 silly idealTree:prePrune ├── spdx-expression-parse@1.0.2
138 silly idealTree:prePrune ├── spdx-license-ids@1.2.1
138 silly idealTree:prePrune ├── sshpk@1.7.4
138 silly idealTree:prePrune ├── stream-consume@0.1.0
138 silly idealTree:prePrune ├── string_decoder@0.10.31
138 silly idealTree:prePrune ├── string-width@1.0.1
138 silly idealTree:prePrune ├── stringstream@0.0.5
138 silly idealTree:prePrune ├── strip-ansi@3.0.1
138 silly idealTree:prePrune ├── strip-bom@2.0.0
138 silly idealTree:prePrune ├── strip-indent@1.0.1
138 silly idealTree:prePrune ├── supports-color@2.0.0
138 silly idealTree:prePrune ├── tar@2.2.1
138 silly idealTree:prePrune ├─┬ through2@2.0.1
138 silly idealTree:prePrune │ ├── isarray@1.0.0
138 silly idealTree:prePrune │ └── readable-stream@2.0.6
138 silly idealTree:prePrune ├── tildify@1.2.0
138 silly idealTree:prePrune ├── time-stamp@1.0.1
138 silly idealTree:prePrune ├── tough-cookie@2.2.2
138 silly idealTree:prePrune ├── trim-newlines@1.0.0
138 silly idealTree:prePrune ├── tunnel-agent@0.4.2
138 silly idealTree:prePrune ├── tweetnacl@0.14.3
138 silly idealTree:prePrune ├── typedarray@0.0.6
138 silly idealTree:prePrune ├── uid-number@0.0.5
138 silly idealTree:prePrune ├── unique-stream@1.0.0
138 silly idealTree:prePrune ├── user-home@1.1.1
138 silly idealTree:prePrune ├── util-deprecate@1.0.2
138 silly idealTree:prePrune ├── v8flags@2.0.11
138 silly idealTree:prePrune ├── validate-npm-package-license@3.0.1
138 silly idealTree:prePrune ├── verror@1.3.6
138 silly idealTree:prePrune ├─┬ vinyl-fs@0.3.14
138 silly idealTree:prePrune │ ├── clone@0.2.0
138 silly idealTree:prePrune │ ├── graceful-fs@3.0.8
138 silly idealTree:prePrune │ ├── readable-stream@1.0.33
138 silly idealTree:prePrune │ ├── strip-bom@1.0.0
138 silly idealTree:prePrune │ ├── through2@0.6.5
138 silly idealTree:prePrune │ └── vinyl@0.4.6
138 silly idealTree:prePrune ├─┬ vinyl-sourcemaps-apply@0.1.4
138 silly idealTree:prePrune │ └── source-map@0.1.43
138 silly idealTree:prePrune ├── vinyl@0.2.3
138 silly idealTree:prePrune ├── which@1.2.4
138 silly idealTree:prePrune ├── window-size@0.1.4
138 silly idealTree:prePrune ├── wrap-ansi@2.0.0
138 silly idealTree:prePrune ├── wrappy@1.0.1
138 silly idealTree:prePrune ├── xtend@4.0.1
138 silly idealTree:prePrune ├── y18n@3.2.1
138 silly idealTree:prePrune ├── yallist@2.0.0
138 silly idealTree:prePrune └── yargs@3.32.0
139 silly loadIdealTree Finishing
140 silly currentTree hpe-demo@1.1.1
140 silly currentTree ├── abbrev@1.0.7
140 silly currentTree ├── amdefine@1.0.0
140 silly currentTree ├── ansi-regex@2.0.0
140 silly currentTree ├── ansi-styles@2.2.1
140 silly currentTree ├── ansi@0.3.1
140 silly currentTree ├── archy@1.0.0
140 silly currentTree ├── are-we-there-yet@1.1.2
140 silly currentTree ├── array-differ@1.0.0
140 silly currentTree ├── array-find-index@1.0.1
140 silly currentTree ├── array-index@1.0.0
140 silly currentTree ├── array-uniq@1.0.2
140 silly currentTree ├── asn1@0.2.3
140 silly currentTree ├── assert-plus@0.2.0
140 silly currentTree ├── async-foreach@0.1.3
140 silly currentTree ├── async@1.5.2
140 silly currentTree ├── aws-sign2@0.6.0
140 silly currentTree ├─┬ aws4@1.3.2
140 silly currentTree │ └── lru-cache@4.0.1
140 silly currentTree ├── balanced-match@0.3.0
140 silly currentTree ├── beeper@1.1.0
140 silly currentTree ├─┬ bl@1.1.2
140 silly currentTree │ ├── isarray@1.0.0
140 silly currentTree │ └── readable-stream@2.0.6
140 silly currentTree ├── block-stream@0.0.8
140 silly currentTree ├── boom@2.10.1
140 silly currentTree ├── bower@1.7.9
140 silly currentTree ├── brace-expansion@1.1.3
140 silly currentTree ├── bufferstreams@0.0.2
140 silly currentTree ├── builtin-modules@1.1.1
140 silly currentTree ├── camelcase-keys@2.1.0
140 silly currentTree ├── camelcase@2.1.1
140 silly currentTree ├── caseless@0.11.0
140 silly currentTree ├── chalk@1.1.3
140 silly currentTree ├─┬ clean-css@3.0.10
140 silly currentTree │ └── source-map@0.1.43
140 silly currentTree ├── cliui@3.2.0
140 silly currentTree ├── clone-stats@0.0.1
140 silly currentTree ├── clone@1.0.2
140 silly currentTree ├── code-point-at@1.0.0
140 silly currentTree ├── combined-stream@1.0.5
140 silly currentTree ├── commander@2.5.1
140 silly currentTree ├── concat-map@0.0.1
140 silly currentTree ├─┬ concat-stream@1.5.1
140 silly currentTree │ ├── isarray@1.0.0
140 silly currentTree │ └── readable-stream@2.0.6
140 silly currentTree ├── concat-with-sourcemaps@1.0.4
140 silly currentTree ├── config-chain@1.1.10
140 silly currentTree ├── core-util-is@1.0.2
140 silly currentTree ├─┬ cross-spawn-async@2.2.1
140 silly currentTree │ └── lru-cache@4.0.1
140 silly currentTree ├── cross-spawn@2.2.2
140 silly currentTree ├── cryptiles@2.0.5
140 silly currentTree ├── d@0.1.1
140 silly currentTree ├─┬ dashdash@1.13.0
140 silly currentTree │ └── assert-plus@1.0.0
140 silly currentTree ├── dateformat@1.0.12
140 silly currentTree ├── debug@2.2.0
140 silly currentTree ├── decamelize@1.2.0
140 silly currentTree ├── defaults@1.0.3
140 silly currentTree ├── delayed-stream@1.0.0
140 silly currentTree ├── delegates@1.0.0
140 silly currentTree ├── deprecated@0.0.1
140 silly currentTree ├── duplexer2@0.0.2
140 silly currentTree ├── ecc-jsbn@0.1.1
140 silly currentTree ├── end-of-stream@0.1.5
140 silly currentTree ├── error-ex@1.3.0
140 silly currentTree ├── es5-ext@0.10.11
140 silly currentTree ├── es6-iterator@2.0.0
140 silly currentTree ├── es6-symbol@3.0.2
140 silly currentTree ├── escape-string-regexp@1.0.5
140 silly currentTree ├── extend@2.0.1
140 silly currentTree ├── extsprintf@1.0.2
140 silly currentTree ├── fancy-log@1.2.0
140 silly currentTree ├── find-index@0.1.1
140 silly currentTree ├── find-up@1.1.2
140 silly currentTree ├── findup-sync@0.3.0
140 silly currentTree ├── first-chunk-stream@1.0.0
140 silly currentTree ├── flagged-respawn@0.3.2
140 silly currentTree ├── forever-agent@0.6.1
140 silly currentTree ├── form-data@1.0.0-rc4
140 silly currentTree ├── fstream@1.0.8
140 silly currentTree ├── gauge@1.2.7
140 silly currentTree ├── gaze@0.5.2
140 silly currentTree ├── generate-function@2.0.0
140 silly currentTree ├── generate-object-property@1.2.0
140 silly currentTree ├── get-stdin@4.0.1
140 silly currentTree ├─┬ glob-stream@3.1.18
140 silly currentTree │ ├── glob@4.5.3
140 silly currentTree │ ├── minimatch@2.0.10
140 silly currentTree │ ├── readable-stream@1.0.33
140 silly currentTree │ └── through2@0.6.5
140 silly currentTree ├── glob-watcher@0.0.6
140 silly currentTree ├── glob@5.0.15
140 silly currentTree ├── glob2base@0.0.12
140 silly currentTree ├─┬ globule@0.1.0
140 silly currentTree │ ├── glob@3.1.21
140 silly currentTree │ ├── graceful-fs@1.2.3
140 silly currentTree │ ├── inherits@1.0.2
140 silly currentTree │ └── minimatch@0.2.14
140 silly currentTree ├── glogg@1.0.0
140 silly currentTree ├── graceful-fs@4.1.3
140 silly currentTree ├── graceful-readlink@1.0.1
140 silly currentTree ├─┬ gulp-concat@2.6.0
140 silly currentTree │ ├─┬ gulp-util@3.0.7
140 silly currentTree │ │ ├── isarray@1.0.0
140 silly currentTree │ │ ├── readable-stream@2.0.6
140 silly currentTree │ │ └── through2@2.0.1
140 silly currentTree │ ├── lodash._reinterpolate@3.0.0
140 silly currentTree │ ├── lodash.escape@3.2.0
140 silly currentTree │ ├── lodash.keys@3.1.2
140 silly currentTree │ ├── lodash.template@3.6.2
140 silly currentTree │ ├── lodash.templatesettings@3.1.1
140 silly currentTree │ ├── object-assign@3.0.0
140 silly currentTree │ ├── readable-stream@1.0.33
140 silly currentTree │ ├── through2@0.6.5
140 silly currentTree │ └── vinyl@0.5.3
140 silly currentTree ├── gulp-header@1.7.1
140 silly currentTree ├─┬ gulp-minify-css@0.3.13
140 silly currentTree │ ├─┬ gulp-util@3.0.7
140 silly currentTree │ │ ├── isarray@1.0.0
140 silly currentTree │ │ ├── readable-stream@2.0.6
140 silly currentTree │ │ └── through2@2.0.1
140 silly currentTree │ ├── lodash._reinterpolate@3.0.0
140 silly currentTree │ ├── lodash.escape@3.2.0
140 silly currentTree │ ├── lodash.keys@3.1.2
140 silly currentTree │ ├── lodash.template@3.6.2
140 silly currentTree │ ├── lodash.templatesettings@3.1.1
140 silly currentTree │ ├── object-assign@3.0.0
140 silly currentTree │ ├── readable-stream@1.0.33
140 silly currentTree │ ├── through2@0.6.5
140 silly currentTree │ └── vinyl@0.5.3
140 silly currentTree ├── gulp-rename@1.2.2
140 silly currentTree ├─┬ gulp-sass@2.2.0
140 silly currentTree │ ├─┬ gulp-util@3.0.7
140 silly currentTree │ │ └── object-assign@3.0.0
140 silly currentTree │ ├── lodash._reinterpolate@3.0.0
140 silly currentTree │ ├── lodash.escape@3.2.0
140 silly currentTree │ ├── lodash.keys@3.1.2
140 silly currentTree │ ├── lodash.template@3.6.2
140 silly currentTree │ ├── lodash.templatesettings@3.1.1
140 silly currentTree │ ├── object-assign@4.0.1
140 silly currentTree │ ├── vinyl-sourcemaps-apply@0.2.1
140 silly currentTree │ └── vinyl@0.5.3
140 silly currentTree ├─┬ gulp-util@2.2.20
140 silly currentTree │ ├── ansi-regex@0.2.1
140 silly currentTree │ ├── ansi-styles@1.1.0
140 silly currentTree │ ├── chalk@0.5.1
140 silly currentTree │ ├── has-ansi@0.1.0
140 silly currentTree │ ├── minimist@0.2.0
140 silly currentTree │ ├── readable-stream@1.0.33
140 silly currentTree │ ├── strip-ansi@0.3.0
140 silly currentTree │ ├── supports-color@0.2.0
140 silly currentTree │ ├── through2@0.5.1
140 silly currentTree │ └── xtend@3.0.0
140 silly currentTree ├─┬ gulp@3.9.1
140 silly currentTree │ ├── gulp-util@3.0.7
140 silly currentTree │ ├── lodash._reinterpolate@3.0.0
140 silly currentTree │ ├── lodash.escape@3.2.0
140 silly currentTree │ ├── lodash.keys@3.1.2
140 silly currentTree │ ├── lodash.template@3.6.2
140 silly currentTree │ ├── lodash.templatesettings@3.1.1
140 silly currentTree │ ├── object-assign@3.0.0
140 silly currentTree │ └── vinyl@0.5.3
140 silly currentTree ├── gulplog@1.0.0
140 silly currentTree ├─┬ har-validator@2.0.6
140 silly currentTree │ └── commander@2.9.0
140 silly currentTree ├── has-ansi@2.0.0
140 silly currentTree ├── has-gulplog@0.1.0
140 silly currentTree ├── has-unicode@2.0.0
140 silly currentTree ├── hawk@3.1.3
140 silly currentTree ├── hoek@2.16.3
140 silly currentTree ├── hosted-git-info@2.1.4
140 silly currentTree ├── http-signature@1.1.1
140 silly currentTree ├── indent-string@2.1.0
140 silly currentTree ├── inflight@1.0.4
140 silly currentTree ├── inherits@2.0.1
140 silly currentTree ├── ini@1.3.4
140 silly currentTree ├── interpret@1.0.0
140 silly currentTree ├── invert-kv@1.0.0
140 silly currentTree ├── is-absolute@0.1.7
140 silly currentTree ├── is-arrayish@0.2.1
140 silly currentTree ├── is-builtin-module@1.0.0
140 silly currentTree ├── is-finite@1.0.1
140 silly currentTree ├── is-fullwidth-code-point@1.0.0
140 silly currentTree ├── is-my-json-valid@2.13.1
140 silly currentTree ├── is-property@1.0.2
140 silly currentTree ├── is-relative@0.1.3
140 silly currentTree ├── is-typedarray@1.0.0
140 silly currentTree ├── is-utf8@0.2.1
140 silly currentTree ├── isarray@0.0.1
140 silly currentTree ├── isexe@1.1.2
140 silly currentTree ├── isstream@0.1.2
140 silly currentTree ├── jodid25519@1.0.2
140 silly currentTree ├── jsbn@0.1.0
140 silly currentTree ├── json-schema@0.2.2
140 silly currentTree ├── json-stringify-safe@5.0.1
140 silly currentTree ├── jsonpointer@2.0.0
140 silly currentTree ├── jsprim@1.2.2
140 silly currentTree ├── lcid@1.0.0
140 silly currentTree ├── liftoff@2.2.1
140 silly currentTree ├── load-json-file@1.1.0
140 silly currentTree ├── lodash._basecopy@3.0.1
140 silly currentTree ├── lodash._baseslice@4.0.0
140 silly currentTree ├── lodash._basetostring@3.0.1
140 silly currentTree ├── lodash._basevalues@3.0.0
140 silly currentTree ├── lodash._escapehtmlchar@2.4.1
140 silly currentTree ├── lodash._escapestringchar@2.4.1
140 silly currentTree ├── lodash._getnative@3.9.1
140 silly currentTree ├── lodash._htmlescapes@2.4.1
140 silly currentTree ├── lodash._isiterateecall@3.0.9
140 silly currentTree ├── lodash._isnative@2.4.1
140 silly currentTree ├── lodash._objecttypes@2.4.1
140 silly currentTree ├── lodash._reescape@3.0.0
140 silly currentTree ├── lodash._reevaluate@3.0.0
140 silly currentTree ├── lodash._reinterpolate@2.4.1
140 silly currentTree ├── lodash._reunescapedhtml@2.4.1
140 silly currentTree ├── lodash._root@3.0.1
140 silly currentTree ├── lodash._shimkeys@2.4.1
140 silly currentTree ├── lodash.defaults@2.4.1
140 silly currentTree ├── lodash.escape@2.4.1
140 silly currentTree ├── lodash.isarguments@3.0.8
140 silly currentTree ├── lodash.isarray@3.0.4
140 silly currentTree ├── lodash.isobject@2.4.1
140 silly currentTree ├── lodash.keys@2.4.1
140 silly currentTree ├── lodash.pad@4.3.0
140 silly currentTree ├── lodash.padend@4.4.0
140 silly currentTree ├── lodash.padstart@4.4.0
140 silly currentTree ├── lodash.restparam@3.6.1
140 silly currentTree ├── lodash.template@2.4.1
140 silly currentTree ├── lodash.templatesettings@2.4.1
140 silly currentTree ├── lodash.tostring@4.1.2
140 silly currentTree ├── lodash.values@2.4.1
140 silly currentTree ├── lodash@1.0.2
140 silly currentTree ├── loud-rejection@1.3.0
140 silly currentTree ├── lru-cache@2.7.3
140 silly currentTree ├── map-obj@1.0.1
140 silly currentTree ├── memory-cache@0.0.5
140 silly currentTree ├─┬ meow@3.7.0
140 silly currentTree │ └── object-assign@4.0.1
140 silly currentTree ├── mime-db@1.22.0
140 silly currentTree ├── mime-types@2.1.10
140 silly currentTree ├── minimatch@3.0.0
140 silly currentTree ├── minimist@1.2.0
140 silly currentTree ├─┬ mkdirp@0.5.1
140 silly currentTree │ └── minimist@0.0.8
140 silly currentTree ├── ms@0.7.1
140 silly currentTree ├── multipipe@0.1.2
140 silly currentTree ├── nan@2.2.1
140 silly currentTree ├─┬ node-gyp@3.3.1
140 silly currentTree │ ├─┬ glob@4.5.3
140 silly currentTree │ │ └── minimatch@2.0.10
140 silly currentTree │ └── minimatch@1.0.0
140 silly currentTree ├── node-sass@3.4.2
140 silly currentTree ├── node-uuid@1.4.7
140 silly currentTree ├── nopt@3.0.6
140 silly currentTree ├── normalize-package-data@2.3.5
140 silly currentTree ├── npmconf@2.1.2
140 silly currentTree ├── npmlog@2.0.3
140 silly currentTree ├── number-is-nan@1.0.0
140 silly currentTree ├── oauth-sign@0.8.1
140 silly currentTree ├── object-assign@4.0.1
140 silly currentTree ├── once@1.3.3
140 silly currentTree ├── orchestrator@0.3.7
140 silly currentTree ├── ordered-read-streams@0.1.0
140 silly currentTree ├── os-homedir@1.0.1
140 silly currentTree ├── os-locale@1.4.0
140 silly currentTree ├── os-shim@0.1.3
140 silly currentTree ├── os-tmpdir@1.0.1
140 silly currentTree ├── osenv@0.1.3
140 silly currentTree ├── parse-json@2.2.0
140 silly currentTree ├── path-array@1.0.1
140 silly currentTree ├── path-exists@2.1.0
140 silly currentTree ├── path-is-absolute@1.0.0
140 silly currentTree ├── path-type@1.1.0
140 silly currentTree ├── pify@2.3.0
140 silly currentTree ├── pinkie-promise@2.0.1
140 silly currentTree ├── pinkie@2.0.4
140 silly currentTree ├── pretty-hrtime@1.0.2
140 silly currentTree ├── process-nextick-args@1.0.6
140 silly currentTree ├── proto-list@1.2.4
140 silly currentTree ├── pseudomap@1.0.2
140 silly currentTree ├── qs@6.1.0
140 silly currentTree ├── read-pkg-up@1.0.1
140 silly currentTree ├── read-pkg@1.1.0
140 silly currentTree ├── readable-stream@1.1.13
140 silly currentTree ├── rechoir@0.6.2
140 silly currentTree ├── redent@1.0.0
140 silly currentTree ├── repeating@2.0.1
140 silly currentTree ├── replace-ext@0.0.1
140 silly currentTree ├─┬ request@2.71.0
140 silly currentTree │ └── extend@3.0.0
140 silly currentTree ├── resolve@1.1.7
140 silly currentTree ├─┬ rimraf@2.5.2
140 silly currentTree │ └── glob@7.0.3
140 silly currentTree ├─┬ sass-graph@2.1.1
140 silly currentTree │ ├── glob@6.0.4
140 silly currentTree │ └── lodash@4.10.0
140 silly currentTree ├── semver@4.3.6
140 silly currentTree ├── sequencify@0.0.7
140 silly currentTree ├── shelljs@0.3.0
140 silly currentTree ├── sigmund@1.0.1
140 silly currentTree ├── signal-exit@2.1.2
140 silly currentTree ├── sntp@1.0.9
140 silly currentTree ├── source-map@0.5.3
140 silly currentTree ├── sparkles@1.0.0
140 silly currentTree ├── spawn-sync@1.0.15
140 silly currentTree ├── spdx-correct@1.0.2
140 silly currentTree ├── spdx-exceptions@1.0.4
140 silly currentTree ├── spdx-expression-parse@1.0.2
140 silly currentTree ├── spdx-license-ids@1.2.1
140 silly currentTree ├── sshpk@1.7.4
140 silly currentTree ├── stream-consume@0.1.0
140 silly currentTree ├── string_decoder@0.10.31
140 silly currentTree ├── string-width@1.0.1
140 silly currentTree ├── stringstream@0.0.5
140 silly currentTree ├── strip-ansi@3.0.1
140 silly currentTree ├── strip-bom@2.0.0
140 silly currentTree ├── strip-indent@1.0.1
140 silly currentTree ├── supports-color@2.0.0
140 silly currentTree ├── tar@2.2.1
140 silly currentTree ├─┬ through2@2.0.1
140 silly currentTree │ ├── isarray@1.0.0
140 silly currentTree │ └── readable-stream@2.0.6
140 silly currentTree ├── tildify@1.2.0
140 silly currentTree ├── time-stamp@1.0.1
140 silly currentTree ├── tough-cookie@2.2.2
140 silly currentTree ├── trim-newlines@1.0.0
140 silly currentTree ├── tunnel-agent@0.4.2
140 silly currentTree ├── tweetnacl@0.14.3
140 silly currentTree ├── typedarray@0.0.6
140 silly currentTree ├── uid-number@0.0.5
140 silly currentTree ├── unique-stream@1.0.0
140 silly currentTree ├── user-home@1.1.1
140 silly currentTree ├── util-deprecate@1.0.2
140 silly currentTree ├── v8flags@2.0.11
140 silly currentTree ├── validate-npm-package-license@3.0.1
140 silly currentTree ├── verror@1.3.6
140 silly currentTree ├─┬ vinyl-fs@0.3.14
140 silly currentTree │ ├── clone@0.2.0
140 silly currentTree │ ├── graceful-fs@3.0.8
140 silly currentTree │ ├── readable-stream@1.0.33
140 silly currentTree │ ├── strip-bom@1.0.0
140 silly currentTree │ ├── through2@0.6.5
140 silly currentTree │ └── vinyl@0.4.6
140 silly currentTree ├─┬ vinyl-sourcemaps-apply@0.1.4
140 silly currentTree │ └── source-map@0.1.43
140 silly currentTree ├── vinyl@0.2.3
140 silly currentTree ├── which@1.2.4
140 silly currentTree ├── window-size@0.1.4
140 silly currentTree ├── wrap-ansi@2.0.0
140 silly currentTree ├── wrappy@1.0.1
140 silly currentTree ├── xtend@4.0.1
140 silly currentTree ├── y18n@3.2.1
140 silly currentTree ├── yallist@2.0.0
140 silly currentTree └── yargs@3.32.0
141 silly idealTree hpe-demo@1.1.1
141 silly idealTree ├── abbrev@1.0.7
141 silly idealTree ├── amdefine@1.0.0
141 silly idealTree ├── ansi-regex@2.0.0
141 silly idealTree ├── ansi-styles@2.2.1
141 silly idealTree ├── ansi@0.3.1
141 silly idealTree ├── archy@1.0.0
141 silly idealTree ├── are-we-there-yet@1.1.2
141 silly idealTree ├── array-differ@1.0.0
141 silly idealTree ├── array-find-index@1.0.1
141 silly idealTree ├── array-index@1.0.0
141 silly idealTree ├── array-uniq@1.0.2
141 silly idealTree ├── asn1@0.2.3
141 silly idealTree ├── assert-plus@0.2.0
141 silly idealTree ├── async-foreach@0.1.3
141 silly idealTree ├── async@1.5.2
141 silly idealTree ├── aws-sign2@0.6.0
141 silly idealTree ├─┬ aws4@1.3.2
141 silly idealTree │ └── lru-cache@4.0.1
141 silly idealTree ├── balanced-match@0.3.0
141 silly idealTree ├── beeper@1.1.0
141 silly idealTree ├─┬ bl@1.1.2
141 silly idealTree │ ├── isarray@1.0.0
141 silly idealTree │ └── readable-stream@2.0.6
141 silly idealTree ├── block-stream@0.0.8
141 silly idealTree ├── boom@2.10.1
141 silly idealTree ├── bower@1.7.9
141 silly idealTree ├── brace-expansion@1.1.3
141 silly idealTree ├── bufferstreams@0.0.2
141 silly idealTree ├── builtin-modules@1.1.1
141 silly idealTree ├── camelcase-keys@2.1.0
141 silly idealTree ├── camelcase@2.1.1
141 silly idealTree ├── canvas@1.3.12
141 silly idealTree ├── caseless@0.11.0
141 silly idealTree ├── chalk@1.1.3
141 silly idealTree ├─┬ clean-css@3.0.10
141 silly idealTree │ └── source-map@0.1.43
141 silly idealTree ├── cliui@3.2.0
141 silly idealTree ├── clone-stats@0.0.1
141 silly idealTree ├── clone@1.0.2
141 silly idealTree ├── code-point-at@1.0.0
141 silly idealTree ├── combined-stream@1.0.5
141 silly idealTree ├── commander@2.5.1
141 silly idealTree ├── concat-map@0.0.1
141 silly idealTree ├─┬ concat-stream@1.5.1
141 silly idealTree │ ├── isarray@1.0.0
141 silly idealTree │ └── readable-stream@2.0.6
141 silly idealTree ├── concat-with-sourcemaps@1.0.4
141 silly idealTree ├── config-chain@1.1.10
141 silly idealTree ├── core-util-is@1.0.2
141 silly idealTree ├─┬ cross-spawn-async@2.2.1
141 silly idealTree │ └── lru-cache@4.0.1
141 silly idealTree ├── cross-spawn@2.2.2
141 silly idealTree ├── cryptiles@2.0.5
141 silly idealTree ├── d@0.1.1
141 silly idealTree ├─┬ dashdash@1.13.0
141 silly idealTree │ └── assert-plus@1.0.0
141 silly idealTree ├── dateformat@1.0.12
141 silly idealTree ├── debug@2.2.0
141 silly idealTree ├── decamelize@1.2.0
141 silly idealTree ├── defaults@1.0.3
141 silly idealTree ├── delayed-stream@1.0.0
141 silly idealTree ├── delegates@1.0.0
141 silly idealTree ├── deprecated@0.0.1
141 silly idealTree ├── duplexer2@0.0.2
141 silly idealTree ├── ecc-jsbn@0.1.1
141 silly idealTree ├── end-of-stream@0.1.5
141 silly idealTree ├── error-ex@1.3.0
141 silly idealTree ├── es5-ext@0.10.11
141 silly idealTree ├── es6-iterator@2.0.0
141 silly idealTree ├── es6-symbol@3.0.2
141 silly idealTree ├── escape-string-regexp@1.0.5
141 silly idealTree ├── extend@2.0.1
141 silly idealTree ├── extsprintf@1.0.2
141 silly idealTree ├── fancy-log@1.2.0
141 silly idealTree ├── find-index@0.1.1
141 silly idealTree ├── find-up@1.1.2
141 silly idealTree ├── findup-sync@0.3.0
141 silly idealTree ├── first-chunk-stream@1.0.0
141 silly idealTree ├── flagged-respawn@0.3.2
141 silly idealTree ├── forever-agent@0.6.1
141 silly idealTree ├── form-data@1.0.0-rc4
141 silly idealTree ├── fstream@1.0.8
141 silly idealTree ├── gauge@1.2.7
141 silly idealTree ├── gaze@0.5.2
141 silly idealTree ├── generate-function@2.0.0
141 silly idealTree ├── generate-object-property@1.2.0
141 silly idealTree ├── get-stdin@4.0.1
141 silly idealTree ├─┬ glob-stream@3.1.18
141 silly idealTree │ ├── glob@4.5.3
141 silly idealTree │ ├── minimatch@2.0.10
141 silly idealTree │ ├── readable-stream@1.0.33
141 silly idealTree │ └── through2@0.6.5
141 silly idealTree ├── glob-watcher@0.0.6
141 silly idealTree ├── glob@5.0.15
141 silly idealTree ├── glob2base@0.0.12
141 silly idealTree ├─┬ globule@0.1.0
141 silly idealTree │ ├── glob@3.1.21
141 silly idealTree │ ├── graceful-fs@1.2.3
141 silly idealTree │ ├── inherits@1.0.2
141 silly idealTree │ └── minimatch@0.2.14
141 silly idealTree ├── glogg@1.0.0
141 silly idealTree ├── graceful-fs@4.1.3
141 silly idealTree ├── graceful-readlink@1.0.1
141 silly idealTree ├─┬ gulp-concat@2.6.0
141 silly idealTree │ ├─┬ gulp-util@3.0.7
141 silly idealTree │ │ ├── isarray@1.0.0
141 silly idealTree │ │ ├── readable-stream@2.0.6
141 silly idealTree │ │ └── through2@2.0.1
141 silly idealTree │ ├── lodash._reinterpolate@3.0.0
141 silly idealTree │ ├── lodash.escape@3.2.0
141 silly idealTree │ ├── lodash.keys@3.1.2
141 silly idealTree │ ├── lodash.template@3.6.2
141 silly idealTree │ ├── lodash.templatesettings@3.1.1
141 silly idealTree │ ├── object-assign@3.0.0
141 silly idealTree │ ├── readable-stream@1.0.33
141 silly idealTree │ ├── through2@0.6.5
141 silly idealTree │ └── vinyl@0.5.3
141 silly idealTree ├── gulp-header@1.7.1
141 silly idealTree ├─┬ gulp-minify-css@0.3.13
141 silly idealTree │ ├─┬ gulp-util@3.0.7
141 silly idealTree │ │ ├── isarray@1.0.0
141 silly idealTree │ │ ├── readable-stream@2.0.6
141 silly idealTree │ │ └── through2@2.0.1
141 silly idealTree │ ├── lodash._reinterpolate@3.0.0
141 silly idealTree │ ├── lodash.escape@3.2.0
141 silly idealTree │ ├── lodash.keys@3.1.2
141 silly idealTree │ ├── lodash.template@3.6.2
141 silly idealTree │ ├── lodash.templatesettings@3.1.1
141 silly idealTree │ ├── object-assign@3.0.0
141 silly idealTree │ ├── readable-stream@1.0.33
141 silly idealTree │ ├── through2@0.6.5
141 silly idealTree │ └── vinyl@0.5.3
141 silly idealTree ├── gulp-rename@1.2.2
141 silly idealTree ├─┬ gulp-sass@2.2.0
141 silly idealTree │ ├─┬ gulp-util@3.0.7
141 silly idealTree │ │ └── object-assign@3.0.0
141 silly idealTree │ ├── lodash._reinterpolate@3.0.0
141 silly idealTree │ ├── lodash.escape@3.2.0
141 silly idealTree │ ├── lodash.keys@3.1.2
141 silly idealTree │ ├── lodash.template@3.6.2
141 silly idealTree │ ├── lodash.templatesettings@3.1.1
141 silly idealTree │ ├── object-assign@4.0.1
141 silly idealTree │ ├── vinyl-sourcemaps-apply@0.2.1
141 silly idealTree │ └── vinyl@0.5.3
141 silly idealTree ├─┬ gulp-util@2.2.20
141 silly idealTree │ ├── ansi-regex@0.2.1
141 silly idealTree │ ├── ansi-styles@1.1.0
141 silly idealTree │ ├── chalk@0.5.1
141 silly idealTree │ ├── has-ansi@0.1.0
141 silly idealTree │ ├── minimist@0.2.0
141 silly idealTree │ ├── readable-stream@1.0.33
141 silly idealTree │ ├── strip-ansi@0.3.0
141 silly idealTree │ ├── supports-color@0.2.0
141 silly idealTree │ ├── through2@0.5.1
141 silly idealTree │ └── xtend@3.0.0
141 silly idealTree ├─┬ gulp@3.9.1
141 silly idealTree │ ├── gulp-util@3.0.7
141 silly idealTree │ ├── lodash._reinterpolate@3.0.0
141 silly idealTree │ ├── lodash.escape@3.2.0
141 silly idealTree │ ├── lodash.keys@3.1.2
141 silly idealTree │ ├── lodash.template@3.6.2
141 silly idealTree │ ├── lodash.templatesettings@3.1.1
141 silly idealTree │ ├── object-assign@3.0.0
141 silly idealTree │ └── vinyl@0.5.3
141 silly idealTree ├── gulplog@1.0.0
141 silly idealTree ├─┬ har-validator@2.0.6
141 silly idealTree │ └── commander@2.9.0
141 silly idealTree ├── has-ansi@2.0.0
141 silly idealTree ├── has-gulplog@0.1.0
141 silly idealTree ├── has-unicode@2.0.0
141 silly idealTree ├── hawk@3.1.3
141 silly idealTree ├── hoek@2.16.3
141 silly idealTree ├── hosted-git-info@2.1.4
141 silly idealTree ├── http-signature@1.1.1
141 silly idealTree ├── indent-string@2.1.0
141 silly idealTree ├── inflight@1.0.4
141 silly idealTree ├── inherits@2.0.1
141 silly idealTree ├── ini@1.3.4
141 silly idealTree ├── interpret@1.0.0
141 silly idealTree ├── invert-kv@1.0.0
141 silly idealTree ├── is-absolute@0.1.7
141 silly idealTree ├── is-arrayish@0.2.1
141 silly idealTree ├── is-builtin-module@1.0.0
141 silly idealTree ├── is-finite@1.0.1
141 silly idealTree ├── is-fullwidth-code-point@1.0.0
141 silly idealTree ├── is-my-json-valid@2.13.1
141 silly idealTree ├── is-property@1.0.2
141 silly idealTree ├── is-relative@0.1.3
141 silly idealTree ├── is-typedarray@1.0.0
141 silly idealTree ├── is-utf8@0.2.1
141 silly idealTree ├── isarray@0.0.1
141 silly idealTree ├── isexe@1.1.2
141 silly idealTree ├── isstream@0.1.2
141 silly idealTree ├── jodid25519@1.0.2
141 silly idealTree ├─┬ jsbarcode@2.5.1
141 silly idealTree │ └── commander@2.9.0
141 silly idealTree ├── jsbn@0.1.0
141 silly idealTree ├── json-schema@0.2.2
141 silly idealTree ├── json-stringify-safe@5.0.1
141 silly idealTree ├── jsonpointer@2.0.0
141 silly idealTree ├── jsprim@1.2.2
141 silly idealTree ├── lcid@1.0.0
141 silly idealTree ├── liftoff@2.2.1
141 silly idealTree ├── load-json-file@1.1.0
141 silly idealTree ├── lodash._basecopy@3.0.1
141 silly idealTree ├── lodash._baseslice@4.0.0
141 silly idealTree ├── lodash._basetostring@3.0.1
141 silly idealTree ├── lodash._basevalues@3.0.0
141 silly idealTree ├── lodash._escapehtmlchar@2.4.1
141 silly idealTree ├── lodash._escapestringchar@2.4.1
141 silly idealTree ├── lodash._getnative@3.9.1
141 silly idealTree ├── lodash._htmlescapes@2.4.1
141 silly idealTree ├── lodash._isiterateecall@3.0.9
141 silly idealTree ├── lodash._isnative@2.4.1
141 silly idealTree ├── lodash._objecttypes@2.4.1
141 silly idealTree ├── lodash._reescape@3.0.0
141 silly idealTree ├── lodash._reevaluate@3.0.0
141 silly idealTree ├── lodash._reinterpolate@2.4.1
141 silly idealTree ├── lodash._reunescapedhtml@2.4.1
141 silly idealTree ├── lodash._root@3.0.1
141 silly idealTree ├── lodash._shimkeys@2.4.1
141 silly idealTree ├── lodash.defaults@2.4.1
141 silly idealTree ├── lodash.escape@2.4.1
141 silly idealTree ├── lodash.isarguments@3.0.8
141 silly idealTree ├── lodash.isarray@3.0.4
141 silly idealTree ├── lodash.isobject@2.4.1
141 silly idealTree ├── lodash.keys@2.4.1
141 silly idealTree ├── lodash.pad@4.3.0
141 silly idealTree ├── lodash.padend@4.4.0
141 silly idealTree ├── lodash.padstart@4.4.0
141 silly idealTree ├── lodash.restparam@3.6.1
141 silly idealTree ├── lodash.template@2.4.1
141 silly idealTree ├── lodash.templatesettings@2.4.1
141 silly idealTree ├── lodash.tostring@4.1.2
141 silly idealTree ├── lodash.values@2.4.1
141 silly idealTree ├── lodash@1.0.2
141 silly idealTree ├── loud-rejection@1.3.0
141 silly idealTree ├── lru-cache@2.7.3
141 silly idealTree ├── map-obj@1.0.1
141 silly idealTree ├── memory-cache@0.0.5
141 silly idealTree ├─┬ meow@3.7.0
141 silly idealTree │ └── object-assign@4.0.1
141 silly idealTree ├── mime-db@1.22.0
141 silly idealTree ├── mime-types@2.1.10
141 silly idealTree ├── minimatch@3.0.0
141 silly idealTree ├── minimist@1.2.0
141 silly idealTree ├─┬ mkdirp@0.5.1
141 silly idealTree │ └── minimist@0.0.8
141 silly idealTree ├── ms@0.7.1
141 silly idealTree ├── multipipe@0.1.2
141 silly idealTree ├── nan@2.2.1
141 silly idealTree ├─┬ node-gyp@3.3.1
141 silly idealTree │ ├─┬ glob@4.5.3
141 silly idealTree │ │ └── minimatch@2.0.10
141 silly idealTree │ └── minimatch@1.0.0
141 silly idealTree ├── node-sass@3.4.2
141 silly idealTree ├── node-uuid@1.4.7
141 silly idealTree ├── nopt@3.0.6
141 silly idealTree ├── normalize-package-data@2.3.5
141 silly idealTree ├── npmconf@2.1.2
141 silly idealTree ├── npmlog@2.0.3
141 silly idealTree ├── number-is-nan@1.0.0
141 silly idealTree ├── oauth-sign@0.8.1
141 silly idealTree ├── object-assign@4.0.1
141 silly idealTree ├── once@1.3.3
141 silly idealTree ├── orchestrator@0.3.7
141 silly idealTree ├── ordered-read-streams@0.1.0
141 silly idealTree ├── os-homedir@1.0.1
141 silly idealTree ├── os-locale@1.4.0
141 silly idealTree ├── os-shim@0.1.3
141 silly idealTree ├── os-tmpdir@1.0.1
141 silly idealTree ├── osenv@0.1.3
141 silly idealTree ├── parse-json@2.2.0
141 silly idealTree ├── path-array@1.0.1
141 silly idealTree ├── path-exists@2.1.0
141 silly idealTree ├── path-is-absolute@1.0.0
141 silly idealTree ├── path-type@1.1.0
141 silly idealTree ├── pify@2.3.0
141 silly idealTree ├── pinkie-promise@2.0.1
141 silly idealTree ├── pinkie@2.0.4
141 silly idealTree ├── pretty-hrtime@1.0.2
141 silly idealTree ├── process-nextick-args@1.0.6
141 silly idealTree ├── proto-list@1.2.4
141 silly idealTree ├── pseudomap@1.0.2
141 silly idealTree ├── qs@6.1.0
141 silly idealTree ├── read-pkg-up@1.0.1
141 silly idealTree ├── read-pkg@1.1.0
141 silly idealTree ├── readable-stream@1.1.13
141 silly idealTree ├── rechoir@0.6.2
141 silly idealTree ├── redent@1.0.0
141 silly idealTree ├── repeating@2.0.1
141 silly idealTree ├── replace-ext@0.0.1
141 silly idealTree ├─┬ request@2.71.0
141 silly idealTree │ └── extend@3.0.0
141 silly idealTree ├── resolve@1.1.7
141 silly idealTree ├─┬ rimraf@2.5.2
141 silly idealTree │ └── glob@7.0.3
141 silly idealTree ├─┬ sass-graph@2.1.1
141 silly idealTree │ ├── glob@6.0.4
141 silly idealTree │ └── lodash@4.10.0
141 silly idealTree ├── semver@4.3.6
141 silly idealTree ├── sequencify@0.0.7
141 silly idealTree ├── shelljs@0.3.0
141 silly idealTree ├── sigmund@1.0.1
141 silly idealTree ├── signal-exit@2.1.2
141 silly idealTree ├── sntp@1.0.9
141 silly idealTree ├── source-map@0.5.3
141 silly idealTree ├── sparkles@1.0.0
141 silly idealTree ├── spawn-sync@1.0.15
141 silly idealTree ├── spdx-correct@1.0.2
141 silly idealTree ├── spdx-exceptions@1.0.4
141 silly idealTree ├── spdx-expression-parse@1.0.2
141 silly idealTree ├── spdx-license-ids@1.2.1
141 silly idealTree ├── sshpk@1.7.4
141 silly idealTree ├── stream-consume@0.1.0
141 silly idealTree ├── string_decoder@0.10.31
141 silly idealTree ├── string-width@1.0.1
141 silly idealTree ├── stringstream@0.0.5
141 silly idealTree ├── strip-ansi@3.0.1
141 silly idealTree ├── strip-bom@2.0.0
141 silly idealTree ├── strip-indent@1.0.1
141 silly idealTree ├── supports-color@2.0.0
141 silly idealTree ├── tar@2.2.1
141 silly idealTree ├─┬ through2@2.0.1
141 silly idealTree │ ├── isarray@1.0.0
141 silly idealTree │ └── readable-stream@2.0.6
141 silly idealTree ├── tildify@1.2.0
141 silly idealTree ├── time-stamp@1.0.1
141 silly idealTree ├── tough-cookie@2.2.2
141 silly idealTree ├── trim-newlines@1.0.0
141 silly idealTree ├── tunnel-agent@0.4.2
141 silly idealTree ├── tweetnacl@0.14.3
141 silly idealTree ├── typedarray@0.0.6
141 silly idealTree ├── uid-number@0.0.5
141 silly idealTree ├── unique-stream@1.0.0
141 silly idealTree ├── user-home@1.1.1
141 silly idealTree ├── util-deprecate@1.0.2
141 silly idealTree ├── v8flags@2.0.11
141 silly idealTree ├── validate-npm-package-license@3.0.1
141 silly idealTree ├── verror@1.3.6
141 silly idealTree ├─┬ vinyl-fs@0.3.14
141 silly idealTree │ ├── clone@0.2.0
141 silly idealTree │ ├── graceful-fs@3.0.8
141 silly idealTree │ ├── readable-stream@1.0.33
141 silly idealTree │ ├── strip-bom@1.0.0
141 silly idealTree │ ├── through2@0.6.5
141 silly idealTree │ └── vinyl@0.4.6
141 silly idealTree ├─┬ vinyl-sourcemaps-apply@0.1.4
141 silly idealTree │ └── source-map@0.1.43
141 silly idealTree ├── vinyl@0.2.3
141 silly idealTree ├── which@1.2.4
141 silly idealTree ├── window-size@0.1.4
141 silly idealTree ├── wrap-ansi@2.0.0
141 silly idealTree ├── wrappy@1.0.1
141 silly idealTree ├── xtend@4.0.1
141 silly idealTree ├── y18n@3.2.1
141 silly idealTree ├── yallist@2.0.0
141 silly idealTree └── yargs@3.32.0
142 silly generateActionsToTake Starting
143 silly install generateActionsToTake
144 silly generateActionsToTake Finishing
145 silly diffTrees action count 3
146 silly diffTrees add canvas@1.3.12
147 silly diffTrees add commander@2.9.0
148 silly diffTrees add jsbarcode@2.5.1
149 silly decomposeActions action count 24
150 silly decomposeActions fetch canvas@1.3.12
151 silly decomposeActions extract canvas@1.3.12
152 silly decomposeActions test canvas@1.3.12
153 silly decomposeActions preinstall canvas@1.3.12
154 silly decomposeActions build canvas@1.3.12
155 silly decomposeActions install canvas@1.3.12
156 silly decomposeActions postinstall canvas@1.3.12
157 silly decomposeActions finalize canvas@1.3.12
158 silly decomposeActions fetch commander@2.9.0
159 silly decomposeActions extract commander@2.9.0
160 silly decomposeActions test commander@2.9.0
161 silly decomposeActions preinstall commander@2.9.0
162 silly decomposeActions build commander@2.9.0
163 silly decomposeActions install commander@2.9.0
164 silly decomposeActions postinstall commander@2.9.0
165 silly decomposeActions finalize commander@2.9.0
166 silly decomposeActions fetch jsbarcode@2.5.1
167 silly decomposeActions extract jsbarcode@2.5.1
168 silly decomposeActions test jsbarcode@2.5.1
169 silly decomposeActions preinstall jsbarcode@2.5.1
170 silly decomposeActions build jsbarcode@2.5.1
171 silly decomposeActions install jsbarcode@2.5.1
172 silly decomposeActions postinstall jsbarcode@2.5.1
173 silly decomposeActions finalize jsbarcode@2.5.1
174 silly executeActions Starting
175 silly install executeActions
176 silly doSerial global-install 0
177 silly doParallel fetch 3
178 verbose correctMkdir /Users/vincetripodi/.npm/_locks correctMkdir not in flight; initializing
179 verbose lock using /Users/vincetripodi/.npm/_locks/staging-0b8ab92893ab85b1.lock for /Users/vincetripodi/Desktop/hpe-demo/node_modules/.staging
180 silly doParallel extract 3
181 silly extract canvas@1.3.12
182 silly extract commander@2.9.0
183 silly extract jsbarcode@2.5.1
184 verbose unbuild node_modules/.staging/canvas-127a2741
185 verbose unbuild node_modules/.staging/commander-77b74c39
186 verbose unbuild node_modules/.staging/jsbarcode-eeb5e1f1
187 silly gentlyRm /Users/vincetripodi/Desktop/hpe-demo/node_modules/.staging/canvas-127a2741 is being purged from base /Users/vincetripodi/Desktop/hpe-demo
188 verbose gentlyRm don't care about contents; nuking /Users/vincetripodi/Desktop/hpe-demo/node_modules/.staging/canvas-127a2741
189 silly gentlyRm /Users/vincetripodi/Desktop/hpe-demo/node_modules/.staging/commander-77b74c39 is being purged from base /Users/vincetripodi/Desktop/hpe-demo
190 verbose gentlyRm don't care about contents; nuking /Users/vincetripodi/Desktop/hpe-demo/node_modules/.staging/commander-77b74c39
191 verbose tar unpack /Users/vincetripodi/.npm/canvas/1.3.12/package.tgz
192 verbose tar unpacking to /Users/vincetripodi/Desktop/hpe-demo/node_modules/.staging/canvas-127a2741
193 silly gentlyRm /Users/vincetripodi/Desktop/hpe-demo/node_modules/.staging/canvas-127a2741 is being purged
194 verbose gentlyRm don't care about contents; nuking /Users/vincetripodi/Desktop/hpe-demo/node_modules/.staging/canvas-127a2741
195 verbose tar unpack /Users/vincetripodi/.npm/commander/2.9.0/package.tgz
196 verbose tar unpacking to /Users/vincetripodi/Desktop/hpe-demo/node_modules/.staging/commander-77b74c39
197 silly gentlyRm /Users/vincetripodi/Desktop/hpe-demo/node_modules/.staging/commander-77b74c39 is being purged
198 verbose gentlyRm don't care about contents; nuking /Users/vincetripodi/Desktop/hpe-demo/node_modules/.staging/commander-77b74c39
199 silly gentlyRm /Users/vincetripodi/Desktop/hpe-demo/node_modules/.staging/jsbarcode-eeb5e1f1 is being purged from base /Users/vincetripodi/Desktop/hpe-demo
200 verbose gentlyRm don't care about contents; nuking /Users/vincetripodi/Desktop/hpe-demo/node_modules/.staging/jsbarcode-eeb5e1f1
201 silly gunzTarPerm modes [ '755', '644' ]
202 silly gunzTarPerm modes [ '755', '644' ]
203 verbose tar unpack /Users/vincetripodi/.npm/jsbarcode/2.5.1/package.tgz
204 verbose tar unpacking to /Users/vincetripodi/Desktop/hpe-demo/node_modules/.staging/jsbarcode-eeb5e1f1
205 silly gentlyRm /Users/vincetripodi/Desktop/hpe-demo/node_modules/.staging/jsbarcode-eeb5e1f1 is being purged
206 verbose gentlyRm don't care about contents; nuking /Users/vincetripodi/Desktop/hpe-demo/node_modules/.staging/jsbarcode-eeb5e1f1
207 silly gunzTarPerm modes [ '755', '644' ]
208 silly gunzTarPerm extractEntry package.json
209 silly gunzTarPerm extractEntry package.json
210 silly gunzTarPerm extractEntry package.json
211 silly gunzTarPerm modified mode [ 'package.json', 436, 420 ]
212 silly gunzTarPerm extractEntry .npmignore
213 silly gunzTarPerm extractEntry index.js
214 silly gunzTarPerm extractEntry LICENSE
215 silly gunzTarPerm extractEntry index.js
216 silly gunzTarPerm extractEntry .npmignore
217 silly gunzTarPerm modified mode [ '.npmignore', 436, 420 ]
218 silly gunzTarPerm extractEntry README.md
219 silly gunzTarPerm modified mode [ 'README.md', 436, 420 ]
220 silly gunzTarPerm extractEntry Readme.md
221 silly gunzTarPerm extractEntry binding.gyp
222 silly gunzTarPerm extractEntry Readme.md
223 silly gunzTarPerm extractEntry cli.js
224 silly gunzTarPerm modified mode [ 'cli.js', 509, 493 ]
225 silly gunzTarPerm extractEntry JsBarcode.all.min.js
226 silly gunzTarPerm modified mode [ 'JsBarcode.all.min.js', 436, 420 ]
227 silly gunzTarPerm extractEntry .travis.yml
228 silly gunzTarPerm extractEntry History.md
229 silly gunzTarPerm extractEntry JsBarcode.js
230 silly gunzTarPerm modified mode [ 'JsBarcode.js', 436, 420 ]
231 silly gunzTarPerm extractEntry lib/bindings.js
232 silly gunzTarPerm extractEntry lib/canvas.js
233 silly gunzTarPerm extractEntry gulpfile.js
234 silly gunzTarPerm modified mode [ 'gulpfile.js', 436, 420 ]
235 silly gunzTarPerm extractEntry nodetest.js
236 silly gunzTarPerm modified mode [ 'nodetest.js', 436, 420 ]
237 silly gunzTarPerm extractEntry lib/context2d.js
238 silly gunzTarPerm extractEntry lib/image.js
239 silly gunzTarPerm extractEntry barcodes/CODE128.js
240 silly gunzTarPerm modified mode [ 'barcodes/CODE128.js', 436, 420 ]
241 silly gunzTarPerm extractEntry barcodes/CODE39.js
242 silly gunzTarPerm modified mode [ 'barcodes/CODE39.js', 436, 420 ]
243 silly gunzTarPerm extractEntry lib/jpegstream.js
244 silly gunzTarPerm extractEntry lib/pngstream.js
245 silly gunzTarPerm extractEntry barcodes/EAN_UPC.js
246 silly gunzTarPerm modified mode [ 'barcodes/EAN_UPC.js', 436, 420 ]
247 silly gunzTarPerm extractEntry barcodes/GenericBarcode.js
248 silly gunzTarPerm modified mode [ 'barcodes/GenericBarcode.js', 436, 420 ]
249 silly gunzTarPerm extractEntry History.md
250 silly gunzTarPerm extractEntry src/Image.cc
251 silly gunzTarPerm extractEntry barcodes/ITF.js
252 silly gunzTarPerm modified mode [ 'barcodes/ITF.js', 436, 420 ]
253 silly gunzTarPerm extractEntry barcodes/ITF14.js
254 silly gunzTarPerm modified mode [ 'barcodes/ITF14.js', 436, 420 ]
255 silly gentlyRm /Users/vincetripodi/Desktop/hpe-demo/node_modules/.staging/commander-77b74c39/node_modules is being purged
256 verbose gentlyRm don't care about contents; nuking /Users/vincetripodi/Desktop/hpe-demo/node_modules/.staging/commander-77b74c39/node_modules
257 silly gunzTarPerm extractEntry src/Canvas.cc
258 silly gunzTarPerm extractEntry src/CanvasGradient.cc
259 silly gunzTarPerm extractEntry barcodes/MSI.js
260 silly gunzTarPerm modified mode [ 'barcodes/MSI.js', 436, 420 ]
261 silly gunzTarPerm extractEntry barcodes/pharmacode.js
262 silly gunzTarPerm modified mode [ 'barcodes/pharmacode.js', 436, 420 ]
263 silly gunzTarPerm extractEntry src/CanvasGradient.h
264 silly gunzTarPerm extractEntry src/CanvasPattern.cc
265 silly gunzTarPerm extractEntry bower.json
266 silly gunzTarPerm modified mode [ 'bower.json', 436, 420 ]
267 silly gunzTarPerm extractEntry download/css/compilestyle.css
268 silly gunzTarPerm modified mode [ 'download/css/compilestyle.css', 436, 420 ]
269 silly gunzTarPerm extractEntry src/CanvasPattern.h
270 silly gunzTarPerm extractEntry src/CanvasRenderingContext2d.cc
271 silly gunzTarPerm extractEntry download/css/default.css
272 silly gunzTarPerm extractEntry example/index.html
273 silly gunzTarPerm modified mode [ 'example/index.html', 436, 420 ]
274 silly gunzTarPerm extractEntry src/CanvasRenderingContext2d.h
275 silly gunzTarPerm extractEntry src/FontFace.cc
276 silly gunzTarPerm extractEntry example/toBase64.html
277 silly gunzTarPerm modified mode [ 'example/toBase64.html', 436, 420 ]
278 silly gunzTarPerm extractEntry .idea/.name
279 silly gunzTarPerm modified mode [ '.idea/.name', 436, 420 ]
280 silly gunzTarPerm extractEntry src/FontFace.h
281 silly gunzTarPerm extractEntry src/Canvas.h
282 silly gunzTarPerm extractEntry .idea/JsBarcode.iml
283 silly gunzTarPerm modified mode [ '.idea/JsBarcode.iml', 436, 420 ]
284 silly gunzTarPerm extractEntry .idea/misc.xml
285 silly gunzTarPerm modified mode [ '.idea/misc.xml', 436, 420 ]
286 silly gunzTarPerm extractEntry src/Image.h
287 silly gunzTarPerm extractEntry src/ImageData.cc
288 silly gunzTarPerm extractEntry .idea/modules.xml
289 silly gunzTarPerm modified mode [ '.idea/modules.xml', 436, 420 ]
290 silly gunzTarPerm extractEntry .idea/vcs.xml
291 silly gunzTarPerm modified mode [ '.idea/vcs.xml', 436, 420 ]
292 silly gunzTarPerm extractEntry src/ImageData.h
293 silly gunzTarPerm extractEntry src/JPEGStream.h
294 silly gunzTarPerm extractEntry src/PNG.h
295 silly gunzTarPerm extractEntry .idea/workspace.xml
296 silly gunzTarPerm modified mode [ '.idea/workspace.xml', 436, 420 ]
297 silly gunzTarPerm extractEntry min/JsBarcode.all.min.js
298 silly gunzTarPerm modified mode [ 'min/JsBarcode.all.min.js', 436, 420 ]
299 silly gunzTarPerm extractEntry src/Point.h
300 silly gunzTarPerm extractEntry MIT-LICENSE.txt
301 silly gunzTarPerm modified mode [ 'MIT-LICENSE.txt', 436, 420 ]
302 silly gunzTarPerm extractEntry .travis.yml
303 silly gunzTarPerm modified mode [ '.travis.yml', 436, 420 ]
304 silly gunzTarPerm extractEntry src/closure.h
305 silly gunzTarPerm extractEntry src/color.cc
306 silly gunzTarPerm extractEntry test/browser/tests.js
307 silly gunzTarPerm modified mode [ 'test/browser/tests.js', 436, 420 ]
308 silly gunzTarPerm extractEntry test/browser/test.css
309 silly gunzTarPerm modified mode [ 'test/browser/test.css', 436, 420 ]
310 silly gunzTarPerm extractEntry src/color.h
311 silly gunzTarPerm extractEntry src/init.cc
312 silly gunzTarPerm extractEntry test/browser/unit-test-min.html
313 silly gunzTarPerm modified mode [ 'test/browser/unit-test-min.html', 436, 420 ]
314 silly gunzTarPerm extractEntry test/browser/unit-test.html
315 silly gunzTarPerm modified mode [ 'test/browser/unit-test.html', 436, 420 ]
316 silly gunzTarPerm extractEntry util/has_lib.sh
317 silly gunzTarPerm extractEntry test/coverage.html
318 silly gunzTarPerm modified mode [ 'test/coverage.html', 436, 420 ]
319 silly gunzTarPerm extractEntry test/node/CODE128.test.js
320 silly gunzTarPerm modified mode [ 'test/node/CODE128.test.js', 436, 420 ]
321 silly gunzTarPerm extractEntry test/node/CODE39.test.js
322 silly gunzTarPerm modified mode [ 'test/node/CODE39.test.js', 436, 420 ]
323 silly gunzTarPerm extractEntry test/node/EAN-UPC.test.js
324 silly gunzTarPerm modified mode [ 'test/node/EAN-UPC.test.js', 436, 420 ]
325 silly gunzTarPerm extractEntry test/node/ITF-14.test.js
326 silly gunzTarPerm modified mode [ 'test/node/ITF-14.test.js', 436, 420 ]
327 silly gunzTarPerm extractEntry test/node/ITF.test.js
328 silly gunzTarPerm modified mode [ 'test/node/ITF.test.js', 436, 420 ]
329 silly gunzTarPerm extractEntry test/node/JsBarcode.test.js
330 silly gunzTarPerm modified mode [ 'test/node/JsBarcode.test.js', 436, 420 ]
331 silly gunzTarPerm extractEntry test/node/MSI.test.js
332 silly gunzTarPerm modified mode [ 'test/node/MSI.test.js', 436, 420 ]
333 silly gunzTarPerm extractEntry test/node/pharmacode.test.js
334 silly gunzTarPerm modified mode [ 'test/node/pharmacode.test.js', 436, 420 ]
335 silly gentlyRm /Users/vincetripodi/Desktop/hpe-demo/node_modules/.staging/canvas-127a2741/node_modules is being purged
336 verbose gentlyRm don't care about contents; nuking /Users/vincetripodi/Desktop/hpe-demo/node_modules/.staging/canvas-127a2741/node_modules
337 silly gentlyRm /Users/vincetripodi/Desktop/hpe-demo/node_modules/.staging/jsbarcode-eeb5e1f1/node_modules is being purged
338 verbose gentlyRm don't care about contents; nuking /Users/vincetripodi/Desktop/hpe-demo/node_modules/.staging/jsbarcode-eeb5e1f1/node_modules
339 silly doParallel preinstall 3
340 silly preinstall canvas@1.3.12 /Users/vincetripodi/Desktop/hpe-demo/node_modules/.staging/canvas-127a2741
341 info lifecycle canvas@1.3.12~preinstall: canvas@1.3.12
342 silly preinstall commander@2.9.0 /Users/vincetripodi/Desktop/hpe-demo/node_modules/.staging/commander-77b74c39
343 info lifecycle commander@2.9.0~preinstall: commander@2.9.0
344 silly preinstall jsbarcode@2.5.1 /Users/vincetripodi/Desktop/hpe-demo/node_modules/.staging/jsbarcode-eeb5e1f1
345 info lifecycle jsbarcode@2.5.1~preinstall: jsbarcode@2.5.1
346 silly lifecycle canvas@1.3.12~preinstall: no script for preinstall, continuing
347 silly lifecycle commander@2.9.0~preinstall: no script for preinstall, continuing
348 silly lifecycle jsbarcode@2.5.1~preinstall: no script for preinstall, continuing
349 silly doReverseSerial remove 0
350 silly doSerial move 0
351 silly doSerial finalize 3
352 silly finalize /Users/vincetripodi/Desktop/hpe-demo/node_modules/canvas
353 silly finalize /Users/vincetripodi/Desktop/hpe-demo/node_modules/jsbarcode/node_modules/commander
354 silly finalize /Users/vincetripodi/Desktop/hpe-demo/node_modules/jsbarcode
355 silly doSerial build 3
356 silly build canvas@1.3.12
357 info linkStuff canvas@1.3.12
358 silly linkStuff canvas@1.3.12 has /Users/vincetripodi/Desktop/hpe-demo/node_modules as its parent node_modules
359 verbose linkBins canvas@1.3.12
360 verbose linkMans canvas@1.3.12
361 silly build commander@2.9.0
362 info linkStuff commander@2.9.0
363 silly linkStuff commander@2.9.0 has /Users/vincetripodi/Desktop/hpe-demo/node_modules/jsbarcode/node_modules as its parent node_modules
364 verbose linkBins commander@2.9.0
365 verbose linkMans commander@2.9.0
366 silly build jsbarcode@2.5.1
367 info linkStuff jsbarcode@2.5.1
368 silly linkStuff jsbarcode@2.5.1 has /Users/vincetripodi/Desktop/hpe-demo/node_modules as its parent node_modules
369 verbose linkBins jsbarcode@2.5.1
370 verbose link bins [ { JsBarcode: 'cli.js' },
370 verbose link bins   '/Users/vincetripodi/Desktop/hpe-demo/node_modules/.bin',
370 verbose link bins   false ]
371 verbose linkMans jsbarcode@2.5.1
372 silly doSerial global-link 0
373 silly doParallel update-linked 0
374 silly doSerial install 3
375 silly install canvas@1.3.12 /Users/vincetripodi/Desktop/hpe-demo/node_modules/.staging/canvas-127a2741
376 info lifecycle canvas@1.3.12~install: canvas@1.3.12
377 verbose lifecycle canvas@1.3.12~install: unsafe-perm in lifecycle true
378 verbose lifecycle canvas@1.3.12~install: PATH: /usr/local/lib/node_modules/npm/bin/node-gyp-bin:/Users/vincetripodi/Desktop/hpe-demo/node_modules/canvas/node_modules/.bin:/Users/vincetripodi/Desktop/hpe-demo/node_modules/.bin:/usr/local/bin:/usr/local/bin:/usr/bin:/bin:/usr/sbin:/sbin:/opt/X11/bin
379 verbose lifecycle canvas@1.3.12~install: CWD: /Users/vincetripodi/Desktop/hpe-demo/node_modules/canvas
380 silly lifecycle canvas@1.3.12~install: Args: [ '-c', 'node-gyp rebuild' ]
381 silly lifecycle canvas@1.3.12~install: Returned: code: 1  signal: null
382 info lifecycle canvas@1.3.12~install: Failed to exec install script
383 verbose unlock done using /Users/vincetripodi/.npm/_locks/staging-0b8ab92893ab85b1.lock for /Users/vincetripodi/Desktop/hpe-demo/node_modules/.staging
384 silly rollbackFailedOptional Starting
385 silly rollbackFailedOptional Finishing
386 silly runTopLevelLifecycles Starting
387 silly runTopLevelLifecycles Finishing
388 silly install printInstalled
389 warn hpe-demo@1.1.1 No repository field.
390 warn hpe-demo@1.1.1 No license field.
391 verbose stack Error: canvas@1.3.12 install: `node-gyp rebuild`
391 verbose stack Exit status 1
391 verbose stack     at EventEmitter.<anonymous> (/usr/local/lib/node_modules/npm/lib/utils/lifecycle.js:239:16)
391 verbose stack     at emitTwo (events.js:87:13)
391 verbose stack     at EventEmitter.emit (events.js:172:7)
391 verbose stack     at ChildProcess.<anonymous> (/usr/local/lib/node_modules/npm/lib/utils/spawn.js:24:14)
391 verbose stack     at emitTwo (events.js:87:13)
391 verbose stack     at ChildProcess.emit (events.js:172:7)
391 verbose stack     at maybeClose (internal/child_process.js:821:16)
391 verbose stack     at Process.ChildProcess._handle.onexit (internal/child_process.js:211:5)
392 verbose pkgid canvas@1.3.12
393 verbose cwd /Users/vincetripodi/Desktop/hpe-demo
394 error Darwin 15.3.0
395 error argv "/usr/local/bin/node" "/usr/local/bin/npm" "install" "jsbarcode"
396 error node v4.2.6
397 error npm  v3.8.3
398 error code ELIFECYCLE
399 error canvas@1.3.12 install: `node-gyp rebuild`
399 error Exit status 1
400 error Failed at the canvas@1.3.12 install script 'node-gyp rebuild'.
400 error Make sure you have the latest version of node.js and npm installed.
400 error If you do, this is most likely a problem with the canvas package,
400 error not with npm itself.
400 error Tell the author that this fails on your system:
400 error     node-gyp rebuild
400 error You can get information on how to open an issue for this project with:
400 error     npm bugs canvas
400 error Or if that isn't available, you can get their info via:
400 error     npm owner ls canvas
400 error There is likely additional logging output above.
401 verbose exit [ 1, true ]
